TN:
SF:src\controllers\BuildingController.js
FN:5,(anonymous_0)
FN:15,(anonymous_1)
FN:28,(anonymous_2)
FN:44,(anonymous_3)
FNF:4
FNH:4
FNDA:2,(anonymous_0)
FNDA:3,(anonymous_1)
FNDA:3,(anonymous_2)
FNDA:3,(anonymous_3)
DA:5,1
DA:6,2
DA:7,2
DA:8,1
DA:10,1
DA:11,1
DA:15,1
DA:16,3
DA:17,3
DA:19,2
DA:20,2
DA:21,1
DA:23,1
DA:24,1
DA:28,1
DA:29,3
DA:30,3
DA:32,3
DA:33,3
DA:34,2
DA:35,1
DA:37,1
DA:39,1
DA:40,1
DA:44,1
DA:45,3
DA:47,3
DA:48,3
DA:49,2
DA:50,1
DA:52,1
DA:54,1
DA:55,1
LF:33
LH:33
BRDA:17,0,0,1
BRDA:17,0,1,2
BRDA:34,1,0,1
BRDA:34,1,1,1
BRDA:49,2,0,1
BRDA:49,2,1,1
BRF:6
BRH:6
end_of_record
TN:
SF:src\controllers\MapCoordinateController.js
FN:9,(anonymous_0)
FN:25,(anonymous_1)
FN:36,(anonymous_2)
FNF:3
FNH:3
FNDA:3,(anonymous_0)
FNDA:3,(anonymous_1)
FNDA:4,(anonymous_2)
DA:9,1
DA:10,3
DA:11,3
DA:12,1
DA:14,2
DA:17,2
DA:18,1
DA:21,1
DA:25,1
DA:26,3
DA:27,3
DA:28,2
DA:29,1
DA:31,1
DA:32,1
DA:36,1
DA:37,4
DA:38,4
DA:39,3
DA:41,2
DA:42,2
DA:44,1
DA:46,1
DA:47,1
LF:24
LH:24
BRDA:17,0,0,1
BRDA:17,0,1,1
BRDA:28,1,0,1
BRDA:28,1,1,1
BRDA:39,2,0,1
BRDA:39,2,1,2
BRDA:42,3,0,1
BRDA:42,3,1,1
BRF:8
BRH:8
end_of_record
TN:
SF:src\controllers\adminController.js
FN:6,(anonymous_0)
FN:17,(anonymous_1)
FN:42,(anonymous_2)
FNF:3
FNH:3
FNDA:2,(anonymous_0)
FNDA:5,(anonymous_1)
FNDA:4,(anonymous_2)
DA:6,1
DA:7,2
DA:8,2
DA:9,1
DA:11,1
DA:12,1
DA:17,1
DA:18,5
DA:19,5
DA:20,5
DA:22,4
DA:23,1
DA:25,3
DA:26,1
DA:29,2
DA:30,1
DA:33,1
DA:34,1
DA:36,1
DA:37,1
DA:42,1
DA:43,4
DA:44,4
DA:45,4
DA:47,3
DA:48,1
DA:50,2
DA:51,1
DA:54,1
DA:55,1
DA:57,1
DA:58,1
LF:32
LH:32
BRDA:22,0,0,1
BRDA:22,0,1,3
BRDA:25,1,0,1
BRDA:25,1,1,2
BRDA:29,2,0,1
BRDA:29,2,1,1
BRDA:47,3,0,1
BRDA:47,3,1,2
BRDA:50,4,0,1
BRDA:50,4,1,1
BRF:10
BRH:10
end_of_record
TN:
SF:src\controllers\authController.js
FN:17,(anonymous_0)
FN:49,(anonymous_1)
FN:62,(anonymous_2)
FN:81,(anonymous_3)
FN:120,(anonymous_4)
FN:141,(anonymous_5)
FN:172,(anonymous_6)
FN:194,(anonymous_7)
FN:217,(anonymous_8)
FN:230,(anonymous_9)
FNF:10
FNH:10
FNDA:7,(anonymous_0)
FNDA:1,(anonymous_1)
FNDA:6,(anonymous_2)
FNDA:6,(anonymous_3)
FNDA:5,(anonymous_4)
FNDA:4,(anonymous_5)
FNDA:5,(anonymous_6)
FNDA:4,(anonymous_7)
FNDA:5,(anonymous_8)
FNDA:2,(anonymous_9)
DA:11,1
DA:13,1
DA:17,1
DA:18,7
DA:19,7
DA:21,7
DA:22,1
DA:24,6
DA:25,6
DA:26,1
DA:28,5
DA:29,5
DA:30,1
DA:32,4
DA:33,3
DA:35,2
DA:36,2
DA:38,2
DA:49,2
DA:50,1
DA:51,1
DA:54,2
DA:56,1
DA:57,1
DA:62,1
DA:63,6
DA:64,6
DA:65,6
DA:67,5
DA:68,4
DA:69,3
DA:70,2
DA:72,1
DA:73,1
DA:75,1
DA:76,1
DA:81,1
DA:82,6
DA:83,6
DA:84,6
DA:85,1
DA:87,5
DA:88,4
DA:89,3
DA:91,2
DA:93,2
DA:94,2
DA:96,1
DA:98,1
DA:104,1
DA:110,1
DA:112,1
DA:114,1
DA:115,1
DA:120,1
DA:121,5
DA:122,5
DA:123,5
DA:125,4
DA:126,3
DA:127,2
DA:129,1
DA:130,1
DA:132,1
DA:133,1
DA:135,1
DA:136,1
DA:141,1
DA:142,4
DA:143,4
DA:144,4
DA:146,3
DA:147,3
DA:149,3
DA:150,2
DA:152,1
DA:153,1
DA:155,1
DA:164,1
DA:166,1
DA:167,1
DA:172,1
DA:173,5
DA:174,5
DA:175,5
DA:176,1
DA:178,4
DA:179,3
DA:181,2
DA:182,2
DA:183,2
DA:185,1
DA:186,1
DA:188,1
DA:189,1
DA:194,1
DA:195,4
DA:196,4
DA:197,4
DA:198,4
DA:200,4
DA:201,1
DA:204,3
DA:206,2
DA:207,1
DA:210,1
DA:212,1
DA:213,1
DA:217,1
DA:218,5
DA:219,5
DA:221,5
DA:222,1
DA:225,4
DA:226,3
DA:227,1
DA:230,2
DA:231,2
DA:232,1
DA:233,1
DA:236,1
DA:242,1
DA:245,1
DA:246,1
LF:124
LH:124
BRDA:11,0,0,1
BRDA:11,0,1,0
BRDA:21,1,0,1
BRDA:21,1,1,6
BRDA:21,2,0,7
BRDA:21,2,1,7
BRDA:21,2,2,6
BRDA:21,2,3,6
BRDA:25,3,0,1
BRDA:25,3,1,5
BRDA:29,4,0,1
BRDA:29,4,1,4
BRDA:33,5,0,1
BRDA:33,5,1,2
BRDA:43,6,0,0
BRDA:43,6,1,2
BRDA:65,7,0,1
BRDA:65,7,1,5
BRDA:65,8,0,6
BRDA:65,8,1,5
BRDA:68,9,0,1
BRDA:68,9,1,3
BRDA:69,10,0,1
BRDA:69,10,1,2
BRDA:70,11,0,1
BRDA:70,11,1,1
BRDA:84,12,0,1
BRDA:84,12,1,5
BRDA:84,13,0,6
BRDA:84,13,1,5
BRDA:88,14,0,1
BRDA:88,14,1,3
BRDA:89,15,0,1
BRDA:89,15,1,2
BRDA:94,16,0,1
BRDA:94,16,1,1
BRDA:123,17,0,1
BRDA:123,17,1,4
BRDA:126,18,0,1
BRDA:126,18,1,2
BRDA:127,19,0,1
BRDA:127,19,1,1
BRDA:144,20,0,1
BRDA:144,20,1,3
BRDA:150,21,0,1
BRDA:150,21,1,1
BRDA:175,22,0,1
BRDA:175,22,1,4
BRDA:175,23,0,5
BRDA:175,23,1,4
BRDA:179,24,0,1
BRDA:179,24,1,2
BRDA:183,25,0,1
BRDA:183,25,1,1
BRDA:198,26,0,4
BRDA:198,26,1,4
BRDA:200,27,0,1
BRDA:200,27,1,3
BRDA:200,28,0,4
BRDA:200,28,1,4
BRDA:206,29,0,1
BRDA:206,29,1,1
BRDA:221,30,0,1
BRDA:221,30,1,4
BRDA:226,31,0,1
BRDA:226,31,1,2
BRDA:231,32,0,1
BRDA:231,32,1,1
BRF:68
BRH:66
end_of_record
TN:
SF:src\controllers\bookingController.js
FN:7,(anonymous_0)
FN:48,(anonymous_1)
FN:61,(anonymous_2)
FN:89,(anonymous_3)
FN:100,(anonymous_4)
FN:143,(anonymous_5)
FN:154,(anonymous_6)
FNF:7
FNH:7
FNDA:5,(anonymous_0)
FNDA:2,(anonymous_1)
FNDA:6,(anonymous_2)
FNDA:2,(anonymous_3)
FNDA:6,(anonymous_4)
FNDA:2,(anonymous_5)
FNDA:3,(anonymous_6)
DA:7,1
DA:8,5
DA:9,5
DA:11,5
DA:12,1
DA:15,4
DA:16,4
DA:17,3
DA:18,1
DA:21,2
DA:22,2
DA:23,1
DA:26,1
DA:28,1
DA:31,1
DA:32,1
DA:33,1
DA:34,1
DA:40,1
DA:42,1
DA:43,1
DA:48,1
DA:49,2
DA:51,2
DA:52,2
DA:53,1
DA:55,1
DA:56,1
DA:61,1
DA:62,6
DA:63,6
DA:65,6
DA:66,6
DA:68,5
DA:69,1
DA:71,4
DA:72,1
DA:74,3
DA:75,1
DA:77,2
DA:78,1
DA:81,1
DA:83,1
DA:84,1
DA:89,1
DA:90,2
DA:91,2
DA:92,1
DA:94,1
DA:95,1
DA:100,1
DA:101,6
DA:102,6
DA:104,6
DA:105,1
DA:108,5
DA:109,5
DA:114,4
DA:115,1
DA:118,3
DA:120,3
DA:121,1
DA:124,2
DA:125,2
DA:126,1
DA:130,1
DA:136,1
DA:138,1
DA:139,1
DA:143,1
DA:144,2
DA:145,2
DA:146,1
DA:148,1
DA:149,1
DA:154,1
DA:155,3
DA:157,3
DA:158,3
DA:160,2
DA:161,1
DA:164,1
DA:166,1
DA:167,1
LF:84
LH:84
BRDA:11,0,0,1
BRDA:11,0,1,4
BRDA:11,1,0,5
BRDA:11,1,1,5
BRDA:11,1,2,4
BRDA:11,1,3,4
BRDA:17,2,0,1
BRDA:17,2,1,2
BRDA:22,3,0,1
BRDA:22,3,1,1
BRDA:32,4,0,1
BRDA:32,4,1,0
BRDA:68,5,0,1
BRDA:68,5,1,4
BRDA:71,6,0,1
BRDA:71,6,1,3
BRDA:74,7,0,1
BRDA:74,7,1,2
BRDA:77,8,0,1
BRDA:77,8,1,1
BRDA:104,9,0,1
BRDA:104,9,1,5
BRDA:114,10,0,1
BRDA:114,10,1,3
BRDA:120,11,0,1
BRDA:120,11,1,2
BRDA:125,12,0,1
BRDA:125,12,1,1
BRDA:133,13,0,1
BRDA:133,13,1,0
BRDA:160,14,0,1
BRDA:160,14,1,1
BRF:32
BRH:30
end_of_record
TN:
SF:src\controllers\dashboardController.js
FN:5,(anonymous_0)
FNF:1
FNH:1
FNDA:7,(anonymous_0)
DA:5,1
DA:6,7
DA:9,7
DA:10,2
DA:13,5
DA:15,5
DA:16,5
DA:17,2
DA:20,3
DA:25,2
DA:33,2
DA:41,2
DA:47,1
DA:48,1
LF:14
LH:14
BRDA:9,0,0,2
BRDA:9,0,1,5
BRDA:9,1,0,7
BRDA:9,1,1,6
BRDA:16,2,0,2
BRDA:16,2,1,3
BRDA:16,3,0,5
BRDA:16,3,1,4
BRDA:44,4,0,1
BRDA:44,4,1,1
BRF:10
BRH:10
end_of_record
TN:
SF:src\controllers\feedbackController.js
FN:7,(anonymous_0)
FN:58,(anonymous_1)
FN:80,(anonymous_2)
FN:118,(anonymous_3)
FN:144,(anonymous_4)
FNF:5
FNH:5
FNDA:8,(anonymous_0)
FNDA:3,(anonymous_1)
FNDA:6,(anonymous_2)
FNDA:4,(anonymous_3)
FNDA:2,(anonymous_4)
DA:7,1
DA:8,8
DA:9,8
DA:10,8
DA:11,8
DA:14,8
DA:15,1
DA:16,7
DA:17,1
DA:18,6
DA:19,1
DA:22,5
DA:26,4
DA:27,1
DA:29,3
DA:30,3
DA:31,1
DA:34,2
DA:38,2
DA:39,1
DA:42,1
DA:45,1
DA:51,1
DA:53,1
DA:54,1
DA:58,1
DA:59,3
DA:60,3
DA:61,3
DA:63,3
DA:68,2
DA:69,1
DA:71,1
DA:73,1
DA:75,1
DA:76,1
DA:80,1
DA:81,6
DA:82,6
DA:83,6
DA:84,6
DA:86,6
DA:87,1
DA:88,5
DA:89,1
DA:90,4
DA:91,1
DA:94,3
DA:98,2
DA:99,1
DA:102,1
DA:109,1
DA:111,1
DA:112,1
DA:118,1
DA:119,4
DA:120,4
DA:123,4
DA:127,3
DA:128,1
DA:130,2
DA:131,2
DA:132,1
DA:135,1
DA:136,1
DA:138,1
DA:139,1
DA:144,1
DA:145,2
DA:146,2
DA:156,1
DA:158,1
DA:159,1
LF:73
LH:73
BRDA:14,0,0,1
BRDA:14,0,1,7
BRDA:14,1,0,8
BRDA:14,1,1,7
BRDA:16,2,0,1
BRDA:16,2,1,6
BRDA:16,3,0,7
BRDA:16,3,1,7
BRDA:16,3,2,7
BRDA:18,4,0,1
BRDA:18,4,1,5
BRDA:26,5,0,1
BRDA:26,5,1,3
BRDA:30,6,0,1
BRDA:30,6,1,2
BRDA:38,7,0,1
BRDA:38,7,1,1
BRDA:68,8,0,1
BRDA:68,8,1,1
BRDA:86,9,0,1
BRDA:86,9,1,5
BRDA:86,10,0,6
BRDA:86,10,1,5
BRDA:88,11,0,1
BRDA:88,11,1,4
BRDA:88,12,0,5
BRDA:88,12,1,5
BRDA:88,12,2,5
BRDA:90,13,0,1
BRDA:90,13,1,3
BRDA:98,14,0,1
BRDA:98,14,1,1
BRDA:127,15,0,1
BRDA:127,15,1,2
BRDA:131,16,0,1
BRDA:131,16,1,1
BRF:36
BRH:36
end_of_record
TN:
SF:src\controllers\notificationController.js
FN:5,(anonymous_0)
FN:18,(anonymous_1)
FN:35,(anonymous_2)
FN:51,(anonymous_3)
FNF:4
FNH:4
FNDA:3,(anonymous_0)
FNDA:3,(anonymous_1)
FNDA:3,(anonymous_2)
FNDA:3,(anonymous_3)
DA:5,1
DA:6,3
DA:7,3
DA:8,3
DA:9,3
DA:10,2
DA:12,1
DA:13,1
DA:18,1
DA:19,3
DA:20,3
DA:21,3
DA:23,3
DA:24,2
DA:25,1
DA:28,1
DA:30,1
DA:31,1
DA:35,1
DA:36,3
DA:37,3
DA:38,3
DA:40,2
DA:41,1
DA:44,1
DA:46,1
DA:47,1
DA:51,1
DA:52,3
DA:53,3
DA:54,1
DA:57,2
DA:58,1
DA:60,1
DA:61,1
LF:35
LH:35
BRDA:24,0,0,1
BRDA:24,0,1,1
BRDA:40,1,0,1
BRDA:40,1,1,1
BRDA:53,2,0,1
BRDA:53,2,1,2
BRF:6
BRH:6
end_of_record
TN:
SF:src\controllers\roomController.js
FN:8,(anonymous_0)
FN:25,(anonymous_1)
FN:48,(anonymous_2)
FN:76,(anonymous_3)
FN:104,(anonymous_4)
FNF:5
FNH:5
FNDA:2,(anonymous_0)
FNDA:3,(anonymous_1)
FNDA:3,(anonymous_2)
FNDA:4,(anonymous_3)
FNDA:3,(anonymous_4)
DA:8,1
DA:9,2
DA:10,2
DA:15,1
DA:17,1
DA:18,1
DA:25,1
DA:26,3
DA:28,3
DA:29,1
DA:32,2
DA:33,2
DA:38,1
DA:40,1
DA:41,1
DA:48,1
DA:49,3
DA:51,3
DA:52,3
DA:62,2
DA:63,1
DA:66,1
DA:68,1
DA:69,1
DA:76,1
DA:77,4
DA:78,4
DA:80,4
DA:81,1
DA:84,3
DA:85,3
DA:90,2
DA:91,1
DA:94,1
DA:96,1
DA:97,1
DA:104,1
DA:105,3
DA:107,3
DA:108,3
DA:110,2
DA:111,1
DA:114,1
DA:116,1
DA:117,1
LF:45
LH:45
BRDA:26,0,0,0
BRDA:26,1,0,1
BRDA:26,2,0,1
BRDA:28,3,0,1
BRDA:28,3,1,2
BRDA:28,4,0,3
BRDA:28,4,1,2
BRDA:28,4,2,2
BRDA:62,5,0,1
BRDA:62,5,1,1
BRDA:78,6,0,0
BRDA:78,7,0,1
BRDA:78,8,0,1
BRDA:80,9,0,1
BRDA:80,9,1,3
BRDA:80,10,0,4
BRDA:80,10,1,3
BRDA:80,10,2,3
BRDA:90,11,0,1
BRDA:90,11,1,1
BRDA:110,12,0,1
BRDA:110,12,1,1
BRF:22
BRH:20
end_of_record
TN:
SF:src\controllers\savedEventController.js
FN:5,(anonymous_0)
FN:46,(anonymous_1)
FN:71,(anonymous_2)
FN:84,(anonymous_3)
FNF:4
FNH:4
FNDA:5,(anonymous_0)
FNDA:3,(anonymous_1)
FNDA:2,(anonymous_2)
FNDA:3,(anonymous_3)
DA:5,1
DA:6,5
DA:7,5
DA:8,5
DA:11,5
DA:16,4
DA:17,1
DA:20,3
DA:22,3
DA:23,1
DA:27,2
DA:32,2
DA:33,1
DA:37,1
DA:39,1
DA:41,1
DA:42,1
DA:46,1
DA:47,3
DA:48,3
DA:49,3
DA:52,3
DA:57,2
DA:58,1
DA:62,1
DA:64,1
DA:66,1
DA:67,1
DA:71,1
DA:72,2
DA:73,2
DA:75,2
DA:77,1
DA:79,1
DA:80,1
DA:84,1
DA:85,3
DA:86,3
DA:88,3
DA:93,2
DA:95,2
DA:97,1
DA:98,1
LF:43
LH:43
BRDA:16,0,0,1
BRDA:16,0,1,3
BRDA:22,1,0,1
BRDA:22,1,1,2
BRDA:32,2,0,1
BRDA:32,2,1,1
BRDA:57,3,0,1
BRDA:57,3,1,1
BRDA:93,4,0,2
BRDA:93,4,1,1
BRF:10
BRH:10
end_of_record
TN:
SF:src\controllers\userController.js
FN:4,(anonymous_0)
FNF:1
FNH:1
FNDA:3,(anonymous_0)
DA:4,1
DA:5,3
DA:7,3
DA:8,3
DA:10,2
DA:11,1
DA:14,1
DA:16,1
DA:17,1
LF:9
LH:9
BRDA:10,0,0,1
BRDA:10,0,1,1
BRF:2
BRH:2
end_of_record
TN:
SF:src\middlewares\authMiddleware.js
FN:8,(anonymous_0)
FN:17,(anonymous_1)
FN:33,(anonymous_2)
FNF:3
FNH:3
FNDA:5,(anonymous_0)
FNDA:2,(anonymous_1)
FNDA:4,(anonymous_2)
DA:4,1
DA:6,1
DA:8,1
DA:9,5
DA:10,5
DA:11,4
DA:12,2
DA:15,2
DA:17,2
DA:18,2
DA:20,2
DA:21,1
DA:24,1
DA:25,1
DA:28,1
DA:29,1
DA:33,1
DA:34,4
DA:36,4
DA:37,2
DA:39,2
DA:40,2
DA:41,1
DA:43,1
DA:47,4
LF:25
LH:25
BRDA:6,0,0,1
BRDA:6,0,1,0
BRDA:11,1,0,2
BRDA:11,1,1,2
BRDA:11,2,0,4
BRDA:11,2,1,3
BRDA:20,3,0,1
BRDA:20,3,1,1
BRDA:36,4,0,2
BRDA:36,4,1,2
BRDA:36,5,0,4
BRDA:36,5,1,3
BRF:12
BRH:11
end_of_record
TN:
SF:src\middlewares\passport.js
FN:13,(anonymous_0)
FN:64,(anonymous_1)
FNF:2
FNH:2
FNDA:4,(anonymous_0)
FNDA:4,(anonymous_1)
DA:8,1
DA:14,4
DA:16,4
DA:17,4
DA:18,1
DA:19,1
DA:22,3
DA:23,3
DA:26,3
DA:28,2
DA:29,1
DA:31,1
DA:43,1
DA:46,2
DA:49,2
DA:51,1
DA:52,1
DA:58,1
DA:65,4
DA:66,4
DA:67,4
DA:69,4
DA:70,3
DA:71,2
DA:72,2
DA:73,2
DA:84,2
DA:87,3
DA:89,1
LF:29
LH:29
BRDA:17,0,0,1
BRDA:17,0,1,3
BRDA:17,1,0,4
BRDA:17,1,1,4
BRDA:23,2,0,3
BRDA:23,2,1,0
BRDA:28,3,0,1
BRDA:28,3,1,1
BRDA:70,4,0,2
BRDA:70,4,1,1
BRDA:72,5,0,1
BRDA:72,5,1,1
BRF:12
BRH:11
end_of_record
TN:
SF:src\middlewares\roleMiddleware.js
FN:2,(anonymous_0)
FN:3,(anonymous_1)
FNF:2
FNH:2
FNDA:4,(anonymous_0)
FNDA:4,(anonymous_1)
DA:2,1
DA:3,4
DA:4,4
DA:5,4
DA:7,4
DA:8,1
DA:10,1
DA:12,2
DA:13,2
LF:9
LH:9
BRDA:7,0,0,1
BRDA:7,0,1,1
BRF:2
BRH:2
end_of_record
TN:
SF:src\middlewares\uploadMiddleware.js
FN:13,(anonymous_0)
FN:14,(anonymous_1)
FN:21,(anonymous_2)
FNF:3
FNH:3
FNDA:1,(anonymous_0)
FNDA:1,(anonymous_1)
FNDA:7,(anonymous_2)
DA:6,1
DA:7,1
DA:8,0
DA:12,1
DA:13,1
DA:15,1
DA:16,1
DA:21,1
DA:22,7
DA:23,7
DA:24,7
DA:25,4
DA:27,3
DA:32,1
LF:14
LH:13
BRDA:7,0,0,0
BRDA:7,0,1,1
BRDA:24,1,0,4
BRDA:24,1,1,3
BRF:4
BRH:3
end_of_record
TN:
SF:src\models\Approval.js
FN:5,(anonymous_0)
FN:15,(anonymous_1)
FN:27,(anonymous_2)
FN:37,(anonymous_3)
FNF:4
FNH:4
FNDA:1,(anonymous_0)
FNDA:2,(anonymous_1)
FNDA:1,(anonymous_2)
FNDA:2,(anonymous_3)
DA:6,1
DA:16,2
DA:17,2
DA:23,2
DA:28,1
DA:32,1
DA:38,2
DA:40,2
DA:41,1
DA:54,1
DA:56,1
DA:60,1
LF:12
LH:12
BRDA:16,0,0,2
BRDA:16,0,1,1
BRDA:37,1,0,0
BRDA:40,2,0,1
BRDA:40,2,1,1
BRF:5
BRH:4
end_of_record
TN:
SF:src\models\Booking.js
FN:8,(anonymous_0)
FN:25,(anonymous_1)
FN:47,(anonymous_2)
FN:71,(anonymous_3)
FN:103,(anonymous_4)
FN:121,(anonymous_5)
FN:145,(anonymous_6)
FN:164,(anonymous_7)
FN:198,(anonymous_8)
FNF:9
FNH:9
FNDA:1,(anonymous_0)
FNDA:1,(anonymous_1)
FNDA:2,(anonymous_2)
FNDA:1,(anonymous_3)
FNDA:2,(anonymous_4)
FNDA:5,(anonymous_5)
FNDA:2,(anonymous_6)
FNDA:1,(anonymous_7)
FNDA:2,(anonymous_8)
DA:4,2
DA:9,1
DA:10,1
DA:15,1
DA:17,0
DA:18,0
DA:26,1
DA:27,1
DA:37,1
DA:39,0
DA:40,0
DA:48,2
DA:49,2
DA:61,2
DA:63,0
DA:64,0
DA:72,1
DA:73,1
DA:74,1
DA:93,1
DA:94,1
DA:96,0
DA:97,0
DA:104,2
DA:105,2
DA:111,2
DA:113,0
DA:114,0
DA:122,5
DA:127,5
DA:129,4
DA:131,4
DA:132,3
DA:134,2
DA:139,2
DA:146,2
DA:147,2
DA:154,2
DA:156,0
DA:157,0
DA:165,1
DA:166,1
DA:170,1
DA:175,1
DA:179,1
DA:183,1
DA:190,0
DA:191,0
DA:199,2
DA:200,2
DA:209,2
DA:211,0
DA:212,0
LF:53
LH:37
BRDA:127,0,0,1
BRDA:127,0,1,4
BRDA:131,1,0,1
BRDA:131,1,1,3
BRDA:132,2,0,1
BRDA:132,2,1,2
BRDA:139,3,0,1
BRDA:139,3,1,1
BRDA:209,4,0,1
BRDA:209,4,1,1
BRF:10
BRH:10
end_of_record
TN:
SF:src\models\Building.js
FN:5,(anonymous_0)
FN:10,(anonymous_1)
FN:15,(anonymous_2)
FN:24,(anonymous_3)
FN:52,(anonymous_4)
FN:57,(anonymous_5)
FNF:6
FNH:5
FNDA:1,(anonymous_0)
FNDA:2,(anonymous_1)
FNDA:1,(anonymous_2)
FNDA:3,(anonymous_3)
FNDA:2,(anonymous_4)
FNDA:0,(anonymous_5)
DA:6,1
DA:7,1
DA:11,2
DA:12,2
DA:16,1
DA:17,1
DA:21,1
DA:25,3
DA:26,3
DA:28,2
DA:29,2
DA:30,2
DA:32,2
DA:33,1
DA:34,1
DA:36,2
DA:37,0
DA:38,0
DA:40,2
DA:41,0
DA:42,0
DA:45,2
DA:47,1
DA:48,1
DA:49,1
DA:53,2
DA:54,2
DA:58,0
DA:64,0
LF:29
LH:23
BRDA:12,0,0,1
BRDA:12,0,1,1
BRDA:26,1,0,1
BRDA:26,1,1,2
BRDA:28,2,0,1
BRDA:28,3,0,2
BRDA:28,4,0,2
BRDA:32,5,0,1
BRDA:32,5,1,1
BRDA:36,6,0,0
BRDA:36,6,1,2
BRDA:40,7,0,0
BRDA:40,7,1,2
BRDA:45,8,0,1
BRDA:45,8,1,1
BRF:15
BRH:13
end_of_record
TN:
SF:src\models\EventRsvp.js
FN:5,(anonymous_0)
FN:33,(anonymous_1)
FN:49,(anonymous_2)
FN:61,(anonymous_3)
FNF:4
FNH:4
FNDA:3,(anonymous_0)
FNDA:2,(anonymous_1)
FNDA:1,(anonymous_2)
FNDA:2,(anonymous_3)
DA:6,3
DA:12,3
DA:13,2
DA:16,1
DA:20,1
DA:24,1
DA:29,1
DA:34,2
DA:39,2
DA:41,1
DA:45,1
DA:50,1
DA:57,1
DA:62,2
DA:67,2
DA:72,2
LF:16
LH:16
BRDA:12,0,0,2
BRDA:12,0,1,1
BRDA:13,1,0,1
BRDA:13,1,1,1
BRDA:39,2,0,1
BRDA:39,2,1,1
BRDA:73,3,0,2
BRDA:73,3,1,1
BRDA:74,4,0,2
BRDA:74,4,1,1
BRF:10
BRH:10
end_of_record
TN:
SF:src\models\Feedback.js
FN:5,(anonymous_0)
FN:15,(anonymous_1)
FNF:2
FNH:2
FNDA:1,(anonymous_0)
FNDA:1,(anonymous_1)
DA:6,1
DA:11,1
DA:16,1
DA:26,1
LF:4
LH:4
BRF:0
BRH:0
end_of_record
TN:
SF:src\models\MapCoordinate.js
FN:6,(anonymous_0)
FN:11,(anonymous_1)
FN:19,(anonymous_2)
FN:27,(anonymous_3)
FN:47,(anonymous_4)
FN:61,(anonymous_5)
FNF:6
FNH:6
FNDA:1,(anonymous_0)
FNDA:1,(anonymous_1)
FNDA:2,(anonymous_2)
FNDA:2,(anonymous_3)
FNDA:2,(anonymous_4)
FNDA:2,(anonymous_5)
DA:7,1
DA:8,1
DA:12,1
DA:16,1
DA:20,2
DA:24,2
DA:28,2
DA:31,2
DA:35,2
DA:36,1
DA:39,1
DA:44,1
DA:48,2
DA:49,2
DA:51,1
DA:52,1
DA:58,1
DA:62,2
DA:66,2
LF:19
LH:19
BRDA:24,0,0,1
BRDA:24,0,1,1
BRDA:35,1,0,1
BRDA:35,1,1,1
BRDA:49,2,0,1
BRDA:49,2,1,1
BRF:6
BRH:6
end_of_record
TN:
SF:src\models\Notification.js
FN:4,(anonymous_0)
FN:12,(anonymous_1)
FN:22,(anonymous_2)
FN:30,(anonymous_3)
FN:38,(anonymous_4)
FNF:5
FNH:5
FNDA:1,(anonymous_0)
FNDA:2,(anonymous_1)
FNDA:1,(anonymous_2)
FNDA:1,(anonymous_3)
FNDA:1,(anonymous_4)
DA:5,1
DA:9,1
DA:13,2
DA:17,2
DA:18,2
DA:23,1
DA:27,1
DA:31,1
DA:35,1
DA:39,1
DA:43,1
LF:11
LH:11
BRDA:4,0,0,0
BRDA:12,1,0,1
BRDA:13,2,0,1
BRDA:13,2,1,1
BRDA:38,3,0,0
BRF:5
BRH:3
end_of_record
TN:
SF:src\models\RefreshToken.js
FN:4,(anonymous_0)
FN:12,(anonymous_1)
FN:20,(anonymous_2)
FNF:3
FNH:3
FNDA:1,(anonymous_0)
FNDA:2,(anonymous_1)
FNDA:2,(anonymous_2)
DA:5,1
DA:9,1
DA:13,2
DA:17,2
DA:21,2
DA:25,2
LF:6
LH:6
BRF:0
BRH:0
end_of_record
TN:
SF:src\models\Room.js
FN:6,(anonymous_0)
FN:16,(anonymous_1)
FN:27,(anonymous_2)
FN:38,(anonymous_3)
FN:44,(anonymous_4)
FNF:5
FNH:5
FNDA:1,(anonymous_0)
FNDA:2,(anonymous_1)
FNDA:1,(anonymous_2)
FNDA:2,(anonymous_3)
FNDA:2,(anonymous_4)
DA:7,1
DA:12,1
DA:17,2
DA:23,2
DA:28,1
DA:29,1
DA:34,1
DA:39,2
DA:40,2
DA:45,2
DA:46,2
DA:47,2
DA:48,2
DA:49,1
DA:50,1
DA:52,1
DA:53,1
DA:56,2
DA:57,1
DA:58,1
DA:59,1
LF:21
LH:21
BRDA:23,0,0,1
BRDA:23,0,1,1
BRDA:48,1,0,1
BRDA:48,1,1,1
BRDA:56,2,0,1
BRDA:56,2,1,1
BRF:6
BRH:6
end_of_record
TN:
SF:src\models\SavedEvent.js
FN:5,(anonymous_0)
FN:20,(anonymous_1)
FN:42,(anonymous_2)
FNF:3
FNH:3
FNDA:3,(anonymous_0)
FNDA:1,(anonymous_1)
FNDA:2,(anonymous_2)
DA:6,3
DA:7,3
DA:11,1
DA:13,2
DA:14,1
DA:15,1
DA:21,1
DA:38,1
DA:43,2
DA:47,2
LF:10
LH:10
BRDA:13,0,0,1
BRDA:13,0,1,1
BRF:2
BRH:2
end_of_record
TN:
SF:src\models\User.js
FN:6,(anonymous_0)
FN:12,(anonymous_1)
FN:52,(anonymous_2)
FN:62,(anonymous_3)
FN:72,(anonymous_4)
FN:82,(anonymous_5)
FN:94,(anonymous_6)
FN:107,(anonymous_7)
FN:120,(anonymous_8)
FN:133,(anonymous_9)
FN:146,(anonymous_10)
FN:159,(anonymous_11)
FN:172,(anonymous_12)
FN:182,(anonymous_13)
FN:192,(anonymous_14)
FN:205,(anonymous_15)
FN:229,(anonymous_16)
FN:243,(anonymous_17)
FN:257,(anonymous_18)
FN:271,(anonymous_19)
FN:285,(anonymous_20)
FN:299,(anonymous_21)
FNF:22
FNH:20
FNDA:0,(anonymous_0)
FNDA:1,(anonymous_1)
FNDA:2,(anonymous_2)
FNDA:2,(anonymous_3)
FNDA:1,(anonymous_4)
FNDA:2,(anonymous_5)
FNDA:1,(anonymous_6)
FNDA:1,(anonymous_7)
FNDA:0,(anonymous_8)
FNDA:1,(anonymous_9)
FNDA:1,(anonymous_10)
FNDA:1,(anonymous_11)
FNDA:1,(anonymous_12)
FNDA:1,(anonymous_13)
FNDA:1,(anonymous_14)
FNDA:1,(anonymous_15)
FNDA:1,(anonymous_16)
FNDA:1,(anonymous_17)
FNDA:1,(anonymous_18)
FNDA:2,(anonymous_19)
FNDA:2,(anonymous_20)
FNDA:1,(anonymous_21)
DA:7,0
DA:8,0
DA:13,1
DA:24,1
DA:26,1
DA:43,1
DA:46,0
DA:47,0
DA:53,2
DA:54,2
DA:55,2
DA:57,0
DA:63,2
DA:64,2
DA:65,2
DA:67,0
DA:73,1
DA:74,1
DA:75,1
DA:77,0
DA:83,2
DA:84,2
DA:87,2
DA:89,0
DA:95,1
DA:96,1
DA:100,1
DA:102,0
DA:108,1
DA:109,1
DA:113,1
DA:115,0
DA:121,0
DA:122,0
DA:126,0
DA:128,0
DA:134,1
DA:135,1
DA:139,1
DA:141,0
DA:147,1
DA:148,1
DA:152,1
DA:154,0
DA:160,1
DA:161,1
DA:165,1
DA:167,0
DA:173,1
DA:174,1
DA:175,1
DA:177,0
DA:183,1
DA:184,1
DA:185,1
DA:187,0
DA:193,1
DA:194,1
DA:198,1
DA:200,0
DA:206,1
DA:207,1
DA:208,1
DA:210,1
DA:211,2
DA:212,2
DA:215,1
DA:217,1
DA:221,1
DA:223,0
DA:224,0
DA:230,1
DA:231,1
DA:235,1
DA:237,0
DA:238,0
DA:244,1
DA:245,1
DA:249,1
DA:251,0
DA:252,0
DA:258,1
DA:259,1
DA:263,1
DA:265,0
DA:266,0
DA:272,2
DA:273,2
DA:277,2
DA:279,0
DA:280,0
DA:286,2
DA:287,2
DA:291,2
DA:293,0
DA:294,0
DA:300,1
DA:301,1
DA:305,1
DA:307,0
DA:308,0
LF:101
LH:67
BRDA:18,0,0,1
BRDA:19,1,0,1
BRDA:20,2,0,1
BRDA:21,3,0,1
BRDA:22,4,0,1
BRDA:23,5,0,1
BRDA:55,6,0,2
BRDA:55,6,1,1
BRDA:65,7,0,2
BRDA:65,7,1,1
BRDA:87,8,0,2
BRDA:87,8,1,1
BRDA:159,9,0,0
BRDA:277,10,0,2
BRDA:277,10,1,1
BRF:15
BRH:14
end_of_record
TN:
SF:src\utils\db.js
FN:18,(anonymous_0)
FN:19,(anonymous_1)
FNF:2
FNH:1
FNDA:4,(anonymous_0)
FNDA:0,(anonymous_1)
DA:5,26
DA:7,26
DA:17,26
DA:18,4
DA:19,0
LF:5
LH:4
BRF:0
BRH:0
end_of_record
TN:
SF:src\utils\notificationHelper.js
FN:4,(anonymous_0)
FNF:1
FNH:1
FNDA:3,(anonymous_0)
DA:4,3
DA:5,3
DA:6,3
DA:7,0
DA:8,0
DA:10,3
DA:12,1
DA:13,1
LF:8
LH:6
BRDA:4,0,0,2
BRDA:6,1,0,0
BRDA:6,1,1,3
BRDA:6,2,0,3
BRDA:6,2,1,3
BRF:5
BRH:4
end_of_record
TN:
SF:src\utils\sendEmail.js
FN:7,(anonymous_0)
FNF:1
FNH:1
FNDA:2,(anonymous_0)
DA:5,2
DA:7,2
DA:8,2
DA:9,2
DA:19,2
DA:26,2
DA:27,1
DA:28,1
DA:30,1
DA:31,1
LF:10
LH:10
BRF:0
BRH:0
end_of_record
TN:
SF:src\utils\sendResponse.js
FN:4,(anonymous_0)
FNF:1
FNH:1
FNDA:2,(anonymous_0)
DA:4,11
DA:5,2
LF:2
LH:2
BRDA:4,0,0,1
BRDA:6,1,0,2
BRDA:6,1,1,2
BRF:3
BRH:3
end_of_record
