{"C:\\Users\\User\\Desktop\\APPS\\JUSTEvents\\backend\\src\\controllers\\BuildingController.js": {"path":"C:\\Users\\User\\Desktop\\APPS\\JUSTEvents\\backend\\src\\controllers\\BuildingController.js","statementMap":{"0":{"start":{"line":5,"column":31},"end":{"line":13,"column":1}},"1":{"start":{"line":6,"column":2},"end":{"line":12,"column":3}},"2":{"start":{"line":7,"column":19},"end":{"line":7,"column":62}},"3":{"start":{"line":8,"column":4},"end":{"line":8,"column":67}},"4":{"start":{"line":10,"column":4},"end":{"line":10,"column":57}},"5":{"start":{"line":11,"column":4},"end":{"line":11,"column":56}},"6":{"start":{"line":15,"column":30},"end":{"line":26,"column":1}},"7":{"start":{"line":16,"column":19},"end":{"line":16,"column":27}},"8":{"start":{"line":17,"column":2},"end":{"line":17,"column":72}},"9":{"start":{"line":17,"column":13},"end":{"line":17,"column":72}},"10":{"start":{"line":19,"column":2},"end":{"line":25,"column":3}},"11":{"start":{"line":20,"column":21},"end":{"line":20,"column":88}},"12":{"start":{"line":21,"column":4},"end":{"line":21,"column":85}},"13":{"start":{"line":23,"column":4},"end":{"line":23,"column":56}},"14":{"start":{"line":24,"column":4},"end":{"line":24,"column":56}},"15":{"start":{"line":28,"column":30},"end":{"line":42,"column":1}},"16":{"start":{"line":29,"column":17},"end":{"line":29,"column":27}},"17":{"start":{"line":30,"column":19},"end":{"line":30,"column":27}},"18":{"start":{"line":32,"column":2},"end":{"line":41,"column":3}},"19":{"start":{"line":33,"column":21},"end":{"line":33,"column":95}},"20":{"start":{"line":34,"column":4},"end":{"line":36,"column":5}},"21":{"start":{"line":35,"column":6},"end":{"line":35,"column":58}},"22":{"start":{"line":37,"column":4},"end":{"line":37,"column":60}},"23":{"start":{"line":39,"column":4},"end":{"line":39,"column":56}},"24":{"start":{"line":40,"column":4},"end":{"line":40,"column":56}},"25":{"start":{"line":44,"column":30},"end":{"line":57,"column":1}},"26":{"start":{"line":45,"column":17},"end":{"line":45,"column":27}},"27":{"start":{"line":47,"column":2},"end":{"line":56,"column":3}},"28":{"start":{"line":48,"column":21},"end":{"line":48,"column":81}},"29":{"start":{"line":49,"column":4},"end":{"line":51,"column":5}},"30":{"start":{"line":50,"column":6},"end":{"line":50,"column":58}},"31":{"start":{"line":52,"column":4},"end":{"line":52,"column":60}},"32":{"start":{"line":54,"column":4},"end":{"line":54,"column":56}},"33":{"start":{"line":55,"column":4},"end":{"line":55,"column":56}}},"fnMap":{"0":{"name":"(anonymous_0)","decl":{"start":{"line":5,"column":31},"end":{"line":5,"column":32}},"loc":{"start":{"line":5,"column":51},"end":{"line":13,"column":1}},"line":5},"1":{"name":"(anonymous_1)","decl":{"start":{"line":15,"column":30},"end":{"line":15,"column":31}},"loc":{"start":{"line":15,"column":50},"end":{"line":26,"column":1}},"line":15},"2":{"name":"(anonymous_2)","decl":{"start":{"line":28,"column":30},"end":{"line":28,"column":31}},"loc":{"start":{"line":28,"column":50},"end":{"line":42,"column":1}},"line":28},"3":{"name":"(anonymous_3)","decl":{"start":{"line":44,"column":30},"end":{"line":44,"column":31}},"loc":{"start":{"line":44,"column":50},"end":{"line":57,"column":1}},"line":44}},"branchMap":{"0":{"loc":{"start":{"line":17,"column":2},"end":{"line":17,"column":72}},"type":"if","locations":[{"start":{"line":17,"column":2},"end":{"line":17,"column":72}},{"start":{},"end":{}}],"line":17},"1":{"loc":{"start":{"line":34,"column":4},"end":{"line":36,"column":5}},"type":"if","locations":[{"start":{"line":34,"column":4},"end":{"line":36,"column":5}},{"start":{},"end":{}}],"line":34},"2":{"loc":{"start":{"line":49,"column":4},"end":{"line":51,"column":5}},"type":"if","locations":[{"start":{"line":49,"column":4},"end":{"line":51,"column":5}},{"start":{},"end":{}}],"line":49}},"s":{"0":1,"1":2,"2":2,"3":1,"4":1,"5":1,"6":1,"7":3,"8":3,"9":1,"10":2,"11":2,"12":1,"13":1,"14":1,"15":1,"16":3,"17":3,"18":3,"19":3,"20":2,"21":1,"22":1,"23":1,"24":1,"25":1,"26":3,"27":3,"28":3,"29":2,"30":1,"31":1,"32":1,"33":1},"f":{"0":2,"1":3,"2":3,"3":3},"b":{"0":[1,2],"1":[1,1],"2":[1,1]},"_coverageSchema":"1a1c01bbd47fc00a2c39e90264f33305004495a9","hash":"7d71acc402fc7c5ebc03b7cd61930fce3a4fed78"}
,"C:\\Users\\User\\Desktop\\APPS\\JUSTEvents\\backend\\src\\controllers\\CampusMapController.js": {"path":"C:\\Users\\User\\Desktop\\APPS\\JUSTEvents\\backend\\src\\controllers\\CampusMapController.js","statementMap":{"0":{"start":{"line":8,"column":28},"end":{"line":8,"column":59}},"1":{"start":{"line":13,"column":31},"end":{"line":21,"column":1}},"2":{"start":{"line":14,"column":2},"end":{"line":20,"column":3}},"3":{"start":{"line":15,"column":22},"end":{"line":15,"column":46}},"4":{"start":{"line":16,"column":4},"end":{"line":16,"column":72}},"5":{"start":{"line":18,"column":4},"end":{"line":18,"column":53}},"6":{"start":{"line":19,"column":4},"end":{"line":19,"column":68}},"7":{"start":{"line":26,"column":34},"end":{"line":47,"column":1}},"8":{"start":{"line":27,"column":2},"end":{"line":46,"column":3}},"9":{"start":{"line":28,"column":19},"end":{"line":28,"column":29}},"10":{"start":{"line":29,"column":18},"end":{"line":29,"column":38}},"11":{"start":{"line":32,"column":19},"end":{"line":32,"column":57}},"12":{"start":{"line":32,"column":37},"end":{"line":32,"column":56}},"13":{"start":{"line":35,"column":17},"end":{"line":35,"column":44}},"14":{"start":{"line":38,"column":4},"end":{"line":40,"column":5}},"15":{"start":{"line":39,"column":6},"end":{"line":39,"column":64}},"16":{"start":{"line":39,"column":38},"end":{"line":39,"column":62}},"17":{"start":{"line":42,"column":4},"end":{"line":42,"column":67}},"18":{"start":{"line":44,"column":4},"end":{"line":44,"column":56}},"19":{"start":{"line":45,"column":4},"end":{"line":45,"column":64}},"20":{"start":{"line":53,"column":29},"end":{"line":68,"column":1}},"21":{"start":{"line":54,"column":2},"end":{"line":67,"column":3}},"22":{"start":{"line":55,"column":24},"end":{"line":55,"column":53}},"23":{"start":{"line":56,"column":20},"end":{"line":62,"column":7}},"24":{"start":{"line":56,"column":46},"end":{"line":62,"column":5}},"25":{"start":{"line":63,"column":4},"end":{"line":63,"column":72}},"26":{"start":{"line":65,"column":4},"end":{"line":65,"column":51}},"27":{"start":{"line":66,"column":4},"end":{"line":66,"column":70}},"28":{"start":{"line":73,"column":32},"end":{"line":90,"column":1}},"29":{"start":{"line":74,"column":2},"end":{"line":89,"column":3}},"30":{"start":{"line":75,"column":19},"end":{"line":75,"column":29}},"31":{"start":{"line":76,"column":18},"end":{"line":76,"column":42}},"32":{"start":{"line":77,"column":4},"end":{"line":77,"column":65}},"33":{"start":{"line":77,"column":16},"end":{"line":77,"column":65}},"34":{"start":{"line":79,"column":17},"end":{"line":79,"column":52}},"35":{"start":{"line":80,"column":4},"end":{"line":80,"column":64}},"36":{"start":{"line":80,"column":15},"end":{"line":80,"column":64}},"37":{"start":{"line":82,"column":21},"end":{"line":82,"column":62}},"38":{"start":{"line":83,"column":4},"end":{"line":83,"column":71}},"39":{"start":{"line":83,"column":19},"end":{"line":83,"column":71}},"40":{"start":{"line":85,"column":4},"end":{"line":85,"column":93}},"41":{"start":{"line":87,"column":4},"end":{"line":87,"column":54}},"42":{"start":{"line":88,"column":4},"end":{"line":88,"column":73}},"43":{"start":{"line":96,"column":33},"end":{"line":165,"column":1}},"44":{"start":{"line":97,"column":2},"end":{"line":164,"column":3}},"45":{"start":{"line":98,"column":45},"end":{"line":98,"column":54}},"46":{"start":{"line":100,"column":4},"end":{"line":102,"column":5}},"47":{"start":{"line":101,"column":6},"end":{"line":101,"column":83}},"48":{"start":{"line":107,"column":4},"end":{"line":117,"column":5}},"49":{"start":{"line":108,"column":18},"end":{"line":108,"column":48}},"50":{"start":{"line":109,"column":6},"end":{"line":109,"column":68}},"51":{"start":{"line":109,"column":16},"end":{"line":109,"column":68}},"52":{"start":{"line":110,"column":6},"end":{"line":110,"column":43}},"53":{"start":{"line":111,"column":11},"end":{"line":117,"column":5}},"54":{"start":{"line":112,"column":18},"end":{"line":112,"column":44}},"55":{"start":{"line":113,"column":6},"end":{"line":113,"column":64}},"56":{"start":{"line":113,"column":16},"end":{"line":113,"column":64}},"57":{"start":{"line":114,"column":6},"end":{"line":114,"column":43}},"58":{"start":{"line":116,"column":6},"end":{"line":116,"column":93}},"59":{"start":{"line":120,"column":4},"end":{"line":133,"column":5}},"60":{"start":{"line":122,"column":21},"end":{"line":122,"column":50}},"61":{"start":{"line":123,"column":6},"end":{"line":123,"column":34}},"62":{"start":{"line":124,"column":11},"end":{"line":133,"column":5}},"63":{"start":{"line":125,"column":20},"end":{"line":127,"column":38}},"64":{"start":{"line":129,"column":6},"end":{"line":129,"column":76}},"65":{"start":{"line":129,"column":18},"end":{"line":129,"column":76}},"66":{"start":{"line":130,"column":6},"end":{"line":130,"column":47}},"67":{"start":{"line":132,"column":6},"end":{"line":132,"column":81}},"68":{"start":{"line":136,"column":25},"end":{"line":141,"column":39}},"69":{"start":{"line":137,"column":6},"end":{"line":141,"column":39}},"70":{"start":{"line":143,"column":4},"end":{"line":145,"column":5}},"71":{"start":{"line":144,"column":6},"end":{"line":144,"column":70}},"72":{"start":{"line":148,"column":22},"end":{"line":148,"column":67}},"73":{"start":{"line":149,"column":27},"end":{"line":149,"column":68}},"74":{"start":{"line":150,"column":16},"end":{"line":150,"column":160}},"75":{"start":{"line":152,"column":21},"end":{"line":152,"column":41}},"76":{"start":{"line":153,"column":23},"end":{"line":153,"column":36}},"77":{"start":{"line":155,"column":4},"end":{"line":157,"column":5}},"78":{"start":{"line":156,"column":6},"end":{"line":156,"column":74}},"79":{"start":{"line":159,"column":4},"end":{"line":159,"column":78}},"80":{"start":{"line":162,"column":4},"end":{"line":162,"column":55}},"81":{"start":{"line":163,"column":4},"end":{"line":163,"column":74}}},"fnMap":{"0":{"name":"(anonymous_0)","decl":{"start":{"line":13,"column":31},"end":{"line":13,"column":32}},"loc":{"start":{"line":13,"column":51},"end":{"line":21,"column":1}},"line":13},"1":{"name":"(anonymous_1)","decl":{"start":{"line":26,"column":34},"end":{"line":26,"column":35}},"loc":{"start":{"line":26,"column":54},"end":{"line":47,"column":1}},"line":26},"2":{"name":"(anonymous_2)","decl":{"start":{"line":32,"column":32},"end":{"line":32,"column":33}},"loc":{"start":{"line":32,"column":37},"end":{"line":32,"column":56}},"line":32},"3":{"name":"(anonymous_3)","decl":{"start":{"line":39,"column":33},"end":{"line":39,"column":34}},"loc":{"start":{"line":39,"column":38},"end":{"line":39,"column":62}},"line":39},"4":{"name":"(anonymous_4)","decl":{"start":{"line":53,"column":29},"end":{"line":53,"column":30}},"loc":{"start":{"line":53,"column":49},"end":{"line":68,"column":1}},"line":53},"5":{"name":"(anonymous_5)","decl":{"start":{"line":56,"column":36},"end":{"line":56,"column":37}},"loc":{"start":{"line":56,"column":46},"end":{"line":62,"column":5}},"line":56},"6":{"name":"(anonymous_6)","decl":{"start":{"line":73,"column":32},"end":{"line":73,"column":33}},"loc":{"start":{"line":73,"column":52},"end":{"line":90,"column":1}},"line":73},"7":{"name":"(anonymous_7)","decl":{"start":{"line":96,"column":33},"end":{"line":96,"column":34}},"loc":{"start":{"line":96,"column":53},"end":{"line":165,"column":1}},"line":96},"8":{"name":"(anonymous_8)","decl":{"start":{"line":136,"column":25},"end":{"line":136,"column":26}},"loc":{"start":{"line":137,"column":6},"end":{"line":141,"column":39}},"line":137}},"branchMap":{"0":{"loc":{"start":{"line":35,"column":17},"end":{"line":35,"column":44}},"type":"binary-expr","locations":[{"start":{"line":35,"column":17},"end":{"line":35,"column":31}},{"start":{"line":35,"column":35},"end":{"line":35,"column":44}}],"line":35},"1":{"loc":{"start":{"line":38,"column":4},"end":{"line":40,"column":5}},"type":"if","locations":[{"start":{"line":38,"column":4},"end":{"line":40,"column":5}},{"start":{},"end":{}}],"line":38},"2":{"loc":{"start":{"line":77,"column":4},"end":{"line":77,"column":65}},"type":"if","locations":[{"start":{"line":77,"column":4},"end":{"line":77,"column":65}},{"start":{},"end":{}}],"line":77},"3":{"loc":{"start":{"line":80,"column":4},"end":{"line":80,"column":64}},"type":"if","locations":[{"start":{"line":80,"column":4},"end":{"line":80,"column":64}},{"start":{},"end":{}}],"line":80},"4":{"loc":{"start":{"line":83,"column":4},"end":{"line":83,"column":71}},"type":"if","locations":[{"start":{"line":83,"column":4},"end":{"line":83,"column":71}},{"start":{},"end":{}}],"line":83},"5":{"loc":{"start":{"line":100,"column":4},"end":{"line":102,"column":5}},"type":"if","locations":[{"start":{"line":100,"column":4},"end":{"line":102,"column":5}},{"start":{},"end":{}}],"line":100},"6":{"loc":{"start":{"line":100,"column":8},"end":{"line":100,"column":23}},"type":"binary-expr","locations":[{"start":{"line":100,"column":8},"end":{"line":100,"column":14}},{"start":{"line":100,"column":18},"end":{"line":100,"column":23}}],"line":100},"7":{"loc":{"start":{"line":107,"column":4},"end":{"line":117,"column":5}},"type":"if","locations":[{"start":{"line":107,"column":4},"end":{"line":117,"column":5}},{"start":{"line":111,"column":11},"end":{"line":117,"column":5}}],"line":107},"8":{"loc":{"start":{"line":109,"column":6},"end":{"line":109,"column":68}},"type":"if","locations":[{"start":{"line":109,"column":6},"end":{"line":109,"column":68}},{"start":{},"end":{}}],"line":109},"9":{"loc":{"start":{"line":111,"column":11},"end":{"line":117,"column":5}},"type":"if","locations":[{"start":{"line":111,"column":11},"end":{"line":117,"column":5}},{"start":{"line":115,"column":11},"end":{"line":117,"column":5}}],"line":111},"10":{"loc":{"start":{"line":113,"column":6},"end":{"line":113,"column":64}},"type":"if","locations":[{"start":{"line":113,"column":6},"end":{"line":113,"column":64}},{"start":{},"end":{}}],"line":113},"11":{"loc":{"start":{"line":120,"column":4},"end":{"line":133,"column":5}},"type":"if","locations":[{"start":{"line":120,"column":4},"end":{"line":133,"column":5}},{"start":{"line":124,"column":11},"end":{"line":133,"column":5}}],"line":120},"12":{"loc":{"start":{"line":124,"column":11},"end":{"line":133,"column":5}},"type":"if","locations":[{"start":{"line":124,"column":11},"end":{"line":133,"column":5}},{"start":{"line":131,"column":11},"end":{"line":133,"column":5}}],"line":124},"13":{"loc":{"start":{"line":125,"column":20},"end":{"line":127,"column":38}},"type":"cond-expr","locations":[{"start":{"line":126,"column":10},"end":{"line":126,"column":42}},{"start":{"line":127,"column":10},"end":{"line":127,"column":38}}],"line":125},"14":{"loc":{"start":{"line":129,"column":6},"end":{"line":129,"column":76}},"type":"if","locations":[{"start":{"line":129,"column":6},"end":{"line":129,"column":76}},{"start":{},"end":{}}],"line":129},"15":{"loc":{"start":{"line":137,"column":6},"end":{"line":141,"column":39}},"type":"binary-expr","locations":[{"start":{"line":137,"column":6},"end":{"line":137,"column":11}},{"start":{"line":138,"column":6},"end":{"line":138,"column":33}},{"start":{"line":139,"column":6},"end":{"line":139,"column":33}},{"start":{"line":140,"column":6},"end":{"line":140,"column":20}},{"start":{"line":140,"column":24},"end":{"line":140,"column":37}},{"start":{"line":141,"column":6},"end":{"line":141,"column":21}},{"start":{"line":141,"column":25},"end":{"line":141,"column":39}}],"line":137},"16":{"loc":{"start":{"line":143,"column":4},"end":{"line":145,"column":5}},"type":"if","locations":[{"start":{"line":143,"column":4},"end":{"line":145,"column":5}},{"start":{},"end":{}}],"line":143},"17":{"loc":{"start":{"line":143,"column":8},"end":{"line":143,"column":72}},"type":"binary-expr","locations":[{"start":{"line":143,"column":8},"end":{"line":143,"column":39}},{"start":{"line":143,"column":43},"end":{"line":143,"column":72}}],"line":143},"18":{"loc":{"start":{"line":155,"column":4},"end":{"line":157,"column":5}},"type":"if","locations":[{"start":{"line":155,"column":4},"end":{"line":157,"column":5}},{"start":{},"end":{}}],"line":155}},"s":{"0":1,"1":1,"2":2,"3":2,"4":1,"5":1,"6":1,"7":1,"8":3,"9":3,"10":3,"11":2,"12":4,"13":2,"14":2,"15":1,"16":2,"17":2,"18":1,"19":1,"20":1,"21":2,"22":2,"23":1,"24":1,"25":1,"26":1,"27":1,"28":1,"29":5,"30":5,"31":5,"32":4,"33":1,"34":3,"35":3,"36":1,"37":2,"38":2,"39":1,"40":1,"41":1,"42":1,"43":1,"44":9,"45":9,"46":9,"47":1,"48":8,"49":6,"50":5,"51":1,"52":4,"53":2,"54":1,"55":1,"56":1,"57":0,"58":1,"59":4,"60":0,"61":0,"62":4,"63":3,"64":3,"65":0,"66":3,"67":1,"68":3,"69":5,"70":3,"71":1,"72":2,"73":2,"74":2,"75":2,"76":2,"77":2,"78":1,"79":1,"80":1,"81":1},"f":{"0":2,"1":3,"2":4,"3":2,"4":2,"5":1,"6":5,"7":9,"8":5},"b":{"0":[2,0],"1":[1,1],"2":[1,3],"3":[1,2],"4":[1,1],"5":[1,8],"6":[9,8],"7":[6,2],"8":[1,4],"9":[1,1],"10":[1,0],"11":[0,4],"12":[3,1],"13":[3,0],"14":[0,3],"15":[5,5,5,5,5,4,4],"16":[1,2],"17":[3,2],"18":[1,1]},"_coverageSchema":"1a1c01bbd47fc00a2c39e90264f33305004495a9","hash":"584422e687cd92b2f8f5b137f1a6a8786946df1d"}
,"C:\\Users\\User\\Desktop\\APPS\\JUSTEvents\\backend\\src\\controllers\\MapCoordinateController.js": {"path":"C:\\Users\\User\\Desktop\\APPS\\JUSTEvents\\backend\\src\\controllers\\MapCoordinateController.js","statementMap":{"0":{"start":{"line":5,"column":32},"end":{"line":19,"column":1}},"1":{"start":{"line":6,"column":2},"end":{"line":18,"column":3}},"2":{"start":{"line":7,"column":15},"end":{"line":7,"column":51}},"3":{"start":{"line":8,"column":4},"end":{"line":8,"column":74}},"4":{"start":{"line":10,"column":4},"end":{"line":10,"column":54}},"5":{"start":{"line":13,"column":4},"end":{"line":15,"column":5}},"6":{"start":{"line":14,"column":6},"end":{"line":14,"column":51}},"7":{"start":{"line":17,"column":4},"end":{"line":17,"column":58}},"8":{"start":{"line":21,"column":32},"end":{"line":30,"column":1}},"9":{"start":{"line":22,"column":2},"end":{"line":29,"column":3}},"10":{"start":{"line":23,"column":20},"end":{"line":23,"column":71}},"11":{"start":{"line":24,"column":4},"end":{"line":24,"column":72}},"12":{"start":{"line":24,"column":18},"end":{"line":24,"column":72}},"13":{"start":{"line":25,"column":4},"end":{"line":25,"column":75}},"14":{"start":{"line":27,"column":4},"end":{"line":27,"column":54}},"15":{"start":{"line":28,"column":4},"end":{"line":28,"column":58}},"16":{"start":{"line":32,"column":32},"end":{"line":45,"column":1}},"17":{"start":{"line":33,"column":2},"end":{"line":44,"column":3}},"18":{"start":{"line":34,"column":21},"end":{"line":34,"column":64}},"19":{"start":{"line":35,"column":4},"end":{"line":35,"column":73}},"20":{"start":{"line":35,"column":19},"end":{"line":35,"column":73}},"21":{"start":{"line":37,"column":20},"end":{"line":37,"column":61}},"22":{"start":{"line":38,"column":4},"end":{"line":38,"column":79}},"23":{"start":{"line":38,"column":18},"end":{"line":38,"column":79}},"24":{"start":{"line":40,"column":4},"end":{"line":40,"column":66}},"25":{"start":{"line":42,"column":4},"end":{"line":42,"column":54}},"26":{"start":{"line":43,"column":4},"end":{"line":43,"column":58}}},"fnMap":{"0":{"name":"(anonymous_0)","decl":{"start":{"line":5,"column":32},"end":{"line":5,"column":33}},"loc":{"start":{"line":5,"column":52},"end":{"line":19,"column":1}},"line":5},"1":{"name":"(anonymous_1)","decl":{"start":{"line":21,"column":32},"end":{"line":21,"column":33}},"loc":{"start":{"line":21,"column":52},"end":{"line":30,"column":1}},"line":21},"2":{"name":"(anonymous_2)","decl":{"start":{"line":32,"column":32},"end":{"line":32,"column":33}},"loc":{"start":{"line":32,"column":52},"end":{"line":45,"column":1}},"line":32}},"branchMap":{"0":{"loc":{"start":{"line":13,"column":4},"end":{"line":15,"column":5}},"type":"if","locations":[{"start":{"line":13,"column":4},"end":{"line":15,"column":5}},{"start":{},"end":{}}],"line":13},"1":{"loc":{"start":{"line":24,"column":4},"end":{"line":24,"column":72}},"type":"if","locations":[{"start":{"line":24,"column":4},"end":{"line":24,"column":72}},{"start":{},"end":{}}],"line":24},"2":{"loc":{"start":{"line":35,"column":4},"end":{"line":35,"column":73}},"type":"if","locations":[{"start":{"line":35,"column":4},"end":{"line":35,"column":73}},{"start":{},"end":{}}],"line":35},"3":{"loc":{"start":{"line":38,"column":4},"end":{"line":38,"column":79}},"type":"if","locations":[{"start":{"line":38,"column":4},"end":{"line":38,"column":79}},{"start":{},"end":{}}],"line":38}},"s":{"0":1,"1":3,"2":3,"3":1,"4":2,"5":2,"6":1,"7":1,"8":1,"9":3,"10":3,"11":2,"12":1,"13":1,"14":1,"15":1,"16":1,"17":4,"18":4,"19":3,"20":1,"21":2,"22":2,"23":1,"24":1,"25":1,"26":1},"f":{"0":3,"1":3,"2":4},"b":{"0":[1,1],"1":[1,1],"2":[1,2],"3":[1,1]},"_coverageSchema":"1a1c01bbd47fc00a2c39e90264f33305004495a9","hash":"140eba8116a5687d9031e198bd0c6b3e9e07889b"}
,"C:\\Users\\User\\Desktop\\APPS\\JUSTEvents\\backend\\src\\controllers\\adminController.js": {"path":"C:\\Users\\User\\Desktop\\APPS\\JUSTEvents\\backend\\src\\controllers\\adminController.js","statementMap":{"0":{"start":{"line":6,"column":31},"end":{"line":14,"column":1}},"1":{"start":{"line":7,"column":2},"end":{"line":13,"column":3}},"2":{"start":{"line":8,"column":18},"end":{"line":8,"column":46}},"3":{"start":{"line":9,"column":4},"end":{"line":9,"column":72}},"4":{"start":{"line":11,"column":4},"end":{"line":11,"column":57}},"5":{"start":{"line":12,"column":4},"end":{"line":12,"column":60}},"6":{"start":{"line":17,"column":27},"end":{"line":39,"column":1}},"7":{"start":{"line":18,"column":2},"end":{"line":38,"column":3}},"8":{"start":{"line":19,"column":19},"end":{"line":19,"column":29}},"9":{"start":{"line":20,"column":17},"end":{"line":20,"column":40}},"10":{"start":{"line":22,"column":4},"end":{"line":24,"column":5}},"11":{"start":{"line":23,"column":6},"end":{"line":23,"column":54}},"12":{"start":{"line":25,"column":4},"end":{"line":27,"column":5}},"13":{"start":{"line":26,"column":6},"end":{"line":26,"column":68}},"14":{"start":{"line":29,"column":4},"end":{"line":31,"column":5}},"15":{"start":{"line":30,"column":6},"end":{"line":30,"column":66}},"16":{"start":{"line":33,"column":4},"end":{"line":33,"column":51}},"17":{"start":{"line":34,"column":4},"end":{"line":34,"column":70}},"18":{"start":{"line":36,"column":4},"end":{"line":36,"column":53}},"19":{"start":{"line":37,"column":4},"end":{"line":37,"column":53}},"20":{"start":{"line":42,"column":26},"end":{"line":60,"column":1}},"21":{"start":{"line":43,"column":2},"end":{"line":59,"column":3}},"22":{"start":{"line":44,"column":19},"end":{"line":44,"column":29}},"23":{"start":{"line":45,"column":17},"end":{"line":45,"column":40}},"24":{"start":{"line":47,"column":4},"end":{"line":49,"column":5}},"25":{"start":{"line":48,"column":6},"end":{"line":48,"column":54}},"26":{"start":{"line":50,"column":4},"end":{"line":52,"column":5}},"27":{"start":{"line":51,"column":6},"end":{"line":51,"column":68}},"28":{"start":{"line":54,"column":4},"end":{"line":54,"column":41}},"29":{"start":{"line":55,"column":4},"end":{"line":55,"column":63}},"30":{"start":{"line":57,"column":4},"end":{"line":57,"column":52}},"31":{"start":{"line":58,"column":4},"end":{"line":58,"column":52}}},"fnMap":{"0":{"name":"(anonymous_0)","decl":{"start":{"line":6,"column":31},"end":{"line":6,"column":32}},"loc":{"start":{"line":6,"column":51},"end":{"line":14,"column":1}},"line":6},"1":{"name":"(anonymous_1)","decl":{"start":{"line":17,"column":27},"end":{"line":17,"column":28}},"loc":{"start":{"line":17,"column":47},"end":{"line":39,"column":1}},"line":17},"2":{"name":"(anonymous_2)","decl":{"start":{"line":42,"column":26},"end":{"line":42,"column":27}},"loc":{"start":{"line":42,"column":46},"end":{"line":60,"column":1}},"line":42}},"branchMap":{"0":{"loc":{"start":{"line":22,"column":4},"end":{"line":24,"column":5}},"type":"if","locations":[{"start":{"line":22,"column":4},"end":{"line":24,"column":5}},{"start":{},"end":{}}],"line":22},"1":{"loc":{"start":{"line":25,"column":4},"end":{"line":27,"column":5}},"type":"if","locations":[{"start":{"line":25,"column":4},"end":{"line":27,"column":5}},{"start":{},"end":{}}],"line":25},"2":{"loc":{"start":{"line":29,"column":4},"end":{"line":31,"column":5}},"type":"if","locations":[{"start":{"line":29,"column":4},"end":{"line":31,"column":5}},{"start":{},"end":{}}],"line":29},"3":{"loc":{"start":{"line":47,"column":4},"end":{"line":49,"column":5}},"type":"if","locations":[{"start":{"line":47,"column":4},"end":{"line":49,"column":5}},{"start":{},"end":{}}],"line":47},"4":{"loc":{"start":{"line":50,"column":4},"end":{"line":52,"column":5}},"type":"if","locations":[{"start":{"line":50,"column":4},"end":{"line":52,"column":5}},{"start":{},"end":{}}],"line":50}},"s":{"0":1,"1":2,"2":2,"3":1,"4":1,"5":1,"6":1,"7":5,"8":5,"9":5,"10":4,"11":1,"12":3,"13":1,"14":2,"15":1,"16":1,"17":1,"18":1,"19":1,"20":1,"21":4,"22":4,"23":4,"24":3,"25":1,"26":2,"27":1,"28":1,"29":1,"30":1,"31":1},"f":{"0":2,"1":5,"2":4},"b":{"0":[1,3],"1":[1,2],"2":[1,1],"3":[1,2],"4":[1,1]},"_coverageSchema":"1a1c01bbd47fc00a2c39e90264f33305004495a9","hash":"99652a18d5c826ce2879f5a8ab54e86e75eb697d"}
,"C:\\Users\\User\\Desktop\\APPS\\JUSTEvents\\backend\\src\\controllers\\analyticsController.js": {"path":"C:\\Users\\User\\Desktop\\APPS\\JUSTEvents\\backend\\src\\controllers\\analyticsController.js","statementMap":{"0":{"start":{"line":6,"column":30},"end":{"line":14,"column":1}},"1":{"start":{"line":7,"column":2},"end":{"line":13,"column":3}},"2":{"start":{"line":8,"column":26},"end":{"line":8,"column":82}},"3":{"start":{"line":9,"column":4},"end":{"line":9,"column":75}},"4":{"start":{"line":11,"column":4},"end":{"line":11,"column":56}},"5":{"start":{"line":12,"column":4},"end":{"line":12,"column":63}},"6":{"start":{"line":16,"column":29},"end":{"line":24,"column":1}},"7":{"start":{"line":17,"column":2},"end":{"line":23,"column":3}},"8":{"start":{"line":18,"column":26},"end":{"line":18,"column":87}},"9":{"start":{"line":19,"column":4},"end":{"line":19,"column":74}},"10":{"start":{"line":21,"column":4},"end":{"line":21,"column":55}},"11":{"start":{"line":22,"column":4},"end":{"line":22,"column":61}},"12":{"start":{"line":26,"column":32},"end":{"line":35,"column":1}},"13":{"start":{"line":27,"column":2},"end":{"line":34,"column":3}},"14":{"start":{"line":28,"column":19},"end":{"line":28,"column":29}},"15":{"start":{"line":29,"column":26},"end":{"line":29,"column":112}},"16":{"start":{"line":30,"column":4},"end":{"line":30,"column":65}},"17":{"start":{"line":32,"column":4},"end":{"line":32,"column":58}},"18":{"start":{"line":33,"column":4},"end":{"line":33,"column":67}},"19":{"start":{"line":37,"column":28},"end":{"line":52,"column":1}},"20":{"start":{"line":38,"column":2},"end":{"line":51,"column":3}},"21":{"start":{"line":39,"column":19},"end":{"line":46,"column":6}},"22":{"start":{"line":47,"column":4},"end":{"line":47,"column":62}},"23":{"start":{"line":49,"column":4},"end":{"line":49,"column":54}},"24":{"start":{"line":50,"column":4},"end":{"line":50,"column":57}},"25":{"start":{"line":54,"column":28},"end":{"line":67,"column":1}},"26":{"start":{"line":55,"column":2},"end":{"line":66,"column":3}},"27":{"start":{"line":56,"column":19},"end":{"line":61,"column":6}},"28":{"start":{"line":62,"column":4},"end":{"line":62,"column":62}},"29":{"start":{"line":64,"column":4},"end":{"line":64,"column":54}},"30":{"start":{"line":65,"column":4},"end":{"line":65,"column":57}},"31":{"start":{"line":69,"column":32},"end":{"line":88,"column":1}},"32":{"start":{"line":70,"column":2},"end":{"line":87,"column":3}},"33":{"start":{"line":71,"column":19},"end":{"line":82,"column":6}},"34":{"start":{"line":83,"column":4},"end":{"line":83,"column":70}},"35":{"start":{"line":85,"column":4},"end":{"line":85,"column":58}},"36":{"start":{"line":86,"column":4},"end":{"line":86,"column":61}},"37":{"start":{"line":90,"column":30},"end":{"line":98,"column":1}},"38":{"start":{"line":91,"column":2},"end":{"line":97,"column":3}},"39":{"start":{"line":92,"column":18},"end":{"line":92,"column":46}},"40":{"start":{"line":93,"column":4},"end":{"line":93,"column":75}},"41":{"start":{"line":95,"column":4},"end":{"line":95,"column":56}},"42":{"start":{"line":96,"column":4},"end":{"line":96,"column":64}},"43":{"start":{"line":100,"column":34},"end":{"line":124,"column":1}},"44":{"start":{"line":101,"column":2},"end":{"line":123,"column":3}},"45":{"start":{"line":102,"column":19},"end":{"line":118,"column":6}},"46":{"start":{"line":119,"column":4},"end":{"line":119,"column":62}},"47":{"start":{"line":121,"column":4},"end":{"line":121,"column":60}},"48":{"start":{"line":122,"column":4},"end":{"line":122,"column":68}},"49":{"start":{"line":126,"column":33},"end":{"line":148,"column":1}},"50":{"start":{"line":127,"column":2},"end":{"line":147,"column":3}},"51":{"start":{"line":128,"column":19},"end":{"line":142,"column":6}},"52":{"start":{"line":143,"column":4},"end":{"line":143,"column":76}},"53":{"start":{"line":145,"column":4},"end":{"line":145,"column":59}},"54":{"start":{"line":146,"column":4},"end":{"line":146,"column":64}},"55":{"start":{"line":150,"column":32},"end":{"line":158,"column":1}},"56":{"start":{"line":151,"column":2},"end":{"line":157,"column":3}},"57":{"start":{"line":152,"column":21},"end":{"line":152,"column":57}},"58":{"start":{"line":153,"column":4},"end":{"line":153,"column":81}},"59":{"start":{"line":155,"column":4},"end":{"line":155,"column":58}},"60":{"start":{"line":156,"column":4},"end":{"line":156,"column":61}},"61":{"start":{"line":160,"column":32},"end":{"line":187,"column":1}},"62":{"start":{"line":161,"column":2},"end":{"line":186,"column":3}},"63":{"start":{"line":162,"column":22},"end":{"line":162,"column":31}},"64":{"start":{"line":163,"column":18},"end":{"line":163,"column":28}},"65":{"start":{"line":164,"column":20},"end":{"line":164,"column":35}},"66":{"start":{"line":167,"column":4},"end":{"line":174,"column":5}},"67":{"start":{"line":168,"column":6},"end":{"line":168,"column":32}},"68":{"start":{"line":169,"column":6},"end":{"line":169,"column":43}},"69":{"start":{"line":172,"column":6},"end":{"line":172,"column":69}},"70":{"start":{"line":173,"column":6},"end":{"line":173,"column":71}},"71":{"start":{"line":176,"column":27},"end":{"line":176,"column":64}},"72":{"start":{"line":177,"column":25},"end":{"line":177,"column":60}},"73":{"start":{"line":179,"column":4},"end":{"line":179,"column":61}},"74":{"start":{"line":181,"column":19},"end":{"line":181,"column":81}},"75":{"start":{"line":182,"column":4},"end":{"line":182,"column":78}},"76":{"start":{"line":184,"column":4},"end":{"line":184,"column":58}},"77":{"start":{"line":185,"column":4},"end":{"line":185,"column":60}},"78":{"start":{"line":190,"column":32},"end":{"line":198,"column":1}},"79":{"start":{"line":191,"column":2},"end":{"line":197,"column":3}},"80":{"start":{"line":192,"column":26},"end":{"line":192,"column":89}},"81":{"start":{"line":193,"column":4},"end":{"line":193,"column":72}},"82":{"start":{"line":195,"column":4},"end":{"line":195,"column":58}},"83":{"start":{"line":196,"column":4},"end":{"line":196,"column":65}},"84":{"start":{"line":200,"column":32},"end":{"line":220,"column":1}},"85":{"start":{"line":201,"column":2},"end":{"line":219,"column":3}},"86":{"start":{"line":202,"column":19},"end":{"line":214,"column":6}},"87":{"start":{"line":215,"column":4},"end":{"line":215,"column":60}},"88":{"start":{"line":217,"column":4},"end":{"line":217,"column":58}},"89":{"start":{"line":218,"column":4},"end":{"line":218,"column":62}},"90":{"start":{"line":222,"column":32},"end":{"line":235,"column":1}},"91":{"start":{"line":223,"column":2},"end":{"line":234,"column":3}},"92":{"start":{"line":224,"column":19},"end":{"line":229,"column":6}},"93":{"start":{"line":230,"column":4},"end":{"line":230,"column":59}},"94":{"start":{"line":232,"column":4},"end":{"line":232,"column":58}},"95":{"start":{"line":233,"column":4},"end":{"line":233,"column":61}},"96":{"start":{"line":237,"column":37},"end":{"line":252,"column":1}},"97":{"start":{"line":238,"column":2},"end":{"line":251,"column":3}},"98":{"start":{"line":239,"column":19},"end":{"line":246,"column":6}},"99":{"start":{"line":247,"column":4},"end":{"line":247,"column":73}},"100":{"start":{"line":249,"column":4},"end":{"line":249,"column":63}},"101":{"start":{"line":250,"column":4},"end":{"line":250,"column":67}},"102":{"start":{"line":254,"column":36},"end":{"line":265,"column":1}},"103":{"start":{"line":255,"column":2},"end":{"line":264,"column":3}},"104":{"start":{"line":256,"column":26},"end":{"line":256,"column":89}},"105":{"start":{"line":257,"column":30},"end":{"line":257,"column":123}},"106":{"start":{"line":259,"column":17},"end":{"line":259,"column":71}},"107":{"start":{"line":260,"column":4},"end":{"line":260,"column":114}},"108":{"start":{"line":262,"column":4},"end":{"line":262,"column":62}},"109":{"start":{"line":263,"column":4},"end":{"line":263,"column":70}},"110":{"start":{"line":268,"column":38},"end":{"line":291,"column":1}},"111":{"start":{"line":269,"column":2},"end":{"line":290,"column":3}},"112":{"start":{"line":270,"column":19},"end":{"line":285,"column":6}},"113":{"start":{"line":286,"column":4},"end":{"line":286,"column":19}},"114":{"start":{"line":288,"column":4},"end":{"line":288,"column":64}},"115":{"start":{"line":289,"column":4},"end":{"line":289,"column":63}},"116":{"start":{"line":294,"column":32},"end":{"line":319,"column":1}},"117":{"start":{"line":295,"column":2},"end":{"line":318,"column":3}},"118":{"start":{"line":296,"column":21},"end":{"line":300,"column":6}},"119":{"start":{"line":301,"column":20},"end":{"line":304,"column":6}},"120":{"start":{"line":305,"column":23},"end":{"line":308,"column":6}},"121":{"start":{"line":310,"column":4},"end":{"line":314,"column":7}},"122":{"start":{"line":316,"column":4},"end":{"line":316,"column":57}},"123":{"start":{"line":317,"column":4},"end":{"line":317,"column":63}}},"fnMap":{"0":{"name":"(anonymous_0)","decl":{"start":{"line":6,"column":30},"end":{"line":6,"column":31}},"loc":{"start":{"line":6,"column":50},"end":{"line":14,"column":1}},"line":6},"1":{"name":"(anonymous_1)","decl":{"start":{"line":16,"column":29},"end":{"line":16,"column":30}},"loc":{"start":{"line":16,"column":49},"end":{"line":24,"column":1}},"line":16},"2":{"name":"(anonymous_2)","decl":{"start":{"line":26,"column":32},"end":{"line":26,"column":33}},"loc":{"start":{"line":26,"column":52},"end":{"line":35,"column":1}},"line":26},"3":{"name":"(anonymous_3)","decl":{"start":{"line":37,"column":28},"end":{"line":37,"column":29}},"loc":{"start":{"line":37,"column":48},"end":{"line":52,"column":1}},"line":37},"4":{"name":"(anonymous_4)","decl":{"start":{"line":54,"column":28},"end":{"line":54,"column":29}},"loc":{"start":{"line":54,"column":48},"end":{"line":67,"column":1}},"line":54},"5":{"name":"(anonymous_5)","decl":{"start":{"line":69,"column":32},"end":{"line":69,"column":33}},"loc":{"start":{"line":69,"column":52},"end":{"line":88,"column":1}},"line":69},"6":{"name":"(anonymous_6)","decl":{"start":{"line":90,"column":30},"end":{"line":90,"column":31}},"loc":{"start":{"line":90,"column":50},"end":{"line":98,"column":1}},"line":90},"7":{"name":"(anonymous_7)","decl":{"start":{"line":100,"column":34},"end":{"line":100,"column":35}},"loc":{"start":{"line":100,"column":54},"end":{"line":124,"column":1}},"line":100},"8":{"name":"(anonymous_8)","decl":{"start":{"line":126,"column":33},"end":{"line":126,"column":34}},"loc":{"start":{"line":126,"column":53},"end":{"line":148,"column":1}},"line":126},"9":{"name":"(anonymous_9)","decl":{"start":{"line":150,"column":32},"end":{"line":150,"column":33}},"loc":{"start":{"line":150,"column":52},"end":{"line":158,"column":1}},"line":150},"10":{"name":"(anonymous_10)","decl":{"start":{"line":160,"column":32},"end":{"line":160,"column":33}},"loc":{"start":{"line":160,"column":52},"end":{"line":187,"column":1}},"line":160},"11":{"name":"(anonymous_11)","decl":{"start":{"line":190,"column":32},"end":{"line":190,"column":33}},"loc":{"start":{"line":190,"column":52},"end":{"line":198,"column":1}},"line":190},"12":{"name":"(anonymous_12)","decl":{"start":{"line":200,"column":32},"end":{"line":200,"column":33}},"loc":{"start":{"line":200,"column":52},"end":{"line":220,"column":1}},"line":200},"13":{"name":"(anonymous_13)","decl":{"start":{"line":222,"column":32},"end":{"line":222,"column":33}},"loc":{"start":{"line":222,"column":52},"end":{"line":235,"column":1}},"line":222},"14":{"name":"(anonymous_14)","decl":{"start":{"line":237,"column":37},"end":{"line":237,"column":38}},"loc":{"start":{"line":237,"column":57},"end":{"line":252,"column":1}},"line":237},"15":{"name":"(anonymous_15)","decl":{"start":{"line":254,"column":36},"end":{"line":254,"column":37}},"loc":{"start":{"line":254,"column":56},"end":{"line":265,"column":1}},"line":254},"16":{"name":"(anonymous_16)","decl":{"start":{"line":268,"column":38},"end":{"line":268,"column":39}},"loc":{"start":{"line":268,"column":58},"end":{"line":291,"column":1}},"line":268},"17":{"name":"(anonymous_17)","decl":{"start":{"line":294,"column":32},"end":{"line":294,"column":33}},"loc":{"start":{"line":294,"column":52},"end":{"line":319,"column":1}},"line":294}},"branchMap":{"0":{"loc":{"start":{"line":143,"column":59},"end":{"line":143,"column":74}},"type":"binary-expr","locations":[{"start":{"line":143,"column":59},"end":{"line":143,"column":66}},{"start":{"line":143,"column":70},"end":{"line":143,"column":74}}],"line":143},"1":{"loc":{"start":{"line":167,"column":4},"end":{"line":174,"column":5}},"type":"if","locations":[{"start":{"line":167,"column":4},"end":{"line":174,"column":5}},{"start":{"line":170,"column":11},"end":{"line":174,"column":5}}],"line":167},"2":{"loc":{"start":{"line":259,"column":17},"end":{"line":259,"column":71}},"type":"cond-expr","locations":[{"start":{"line":259,"column":29},"end":{"line":259,"column":67}},{"start":{"line":259,"column":70},"end":{"line":259,"column":71}}],"line":259}},"s":{"0":1,"1":2,"2":2,"3":1,"4":1,"5":1,"6":1,"7":2,"8":2,"9":1,"10":1,"11":1,"12":1,"13":2,"14":2,"15":2,"16":1,"17":1,"18":1,"19":1,"20":2,"21":2,"22":1,"23":1,"24":1,"25":1,"26":2,"27":2,"28":1,"29":1,"30":1,"31":1,"32":2,"33":2,"34":1,"35":1,"36":1,"37":1,"38":2,"39":2,"40":1,"41":1,"42":1,"43":1,"44":2,"45":2,"46":1,"47":1,"48":1,"49":1,"50":3,"51":3,"52":2,"53":1,"54":1,"55":1,"56":2,"57":2,"58":1,"59":1,"60":1,"61":1,"62":3,"63":3,"64":3,"65":3,"66":3,"67":1,"68":1,"69":2,"70":2,"71":3,"72":3,"73":3,"74":3,"75":2,"76":1,"77":1,"78":1,"79":2,"80":2,"81":1,"82":1,"83":1,"84":1,"85":2,"86":2,"87":1,"88":1,"89":1,"90":1,"91":2,"92":2,"93":1,"94":1,"95":1,"96":1,"97":2,"98":2,"99":1,"100":1,"101":1,"102":1,"103":2,"104":2,"105":1,"106":1,"107":1,"108":1,"109":1,"110":1,"111":2,"112":2,"113":1,"114":1,"115":1,"116":1,"117":2,"118":2,"119":1,"120":1,"121":1,"122":1,"123":1},"f":{"0":2,"1":2,"2":2,"3":2,"4":2,"5":2,"6":2,"7":2,"8":3,"9":2,"10":3,"11":2,"12":2,"13":2,"14":2,"15":2,"16":2,"17":2},"b":{"0":[2,1],"1":[1,2],"2":[1,0]},"_coverageSchema":"1a1c01bbd47fc00a2c39e90264f33305004495a9","hash":"dc0cf4cad0cae9f2a89da043b2910c584079d46b"}
,"C:\\Users\\User\\Desktop\\APPS\\JUSTEvents\\backend\\src\\controllers\\approvalController.js": {"path":"C:\\Users\\User\\Desktop\\APPS\\JUSTEvents\\backend\\src\\controllers\\approvalController.js","statementMap":{"0":{"start":{"line":7,"column":32},"end":{"line":15,"column":1}},"1":{"start":{"line":8,"column":2},"end":{"line":14,"column":3}},"2":{"start":{"line":9,"column":22},"end":{"line":9,"column":56}},"3":{"start":{"line":10,"column":4},"end":{"line":10,"column":86}},"4":{"start":{"line":12,"column":4},"end":{"line":12,"column":58}},"5":{"start":{"line":13,"column":4},"end":{"line":13,"column":62}},"6":{"start":{"line":16,"column":27},"end":{"line":60,"column":1}},"7":{"start":{"line":17,"column":2},"end":{"line":59,"column":3}},"8":{"start":{"line":18,"column":25},"end":{"line":18,"column":35}},"9":{"start":{"line":19,"column":31},"end":{"line":19,"column":39}},"10":{"start":{"line":20,"column":21},"end":{"line":20,"column":32}},"11":{"start":{"line":22,"column":4},"end":{"line":24,"column":5}},"12":{"start":{"line":23,"column":6},"end":{"line":23,"column":63}},"13":{"start":{"line":26,"column":18},"end":{"line":26,"column":48}},"14":{"start":{"line":27,"column":4},"end":{"line":29,"column":5}},"15":{"start":{"line":28,"column":6},"end":{"line":28,"column":55}},"16":{"start":{"line":31,"column":4},"end":{"line":33,"column":5}},"17":{"start":{"line":32,"column":6},"end":{"line":32,"column":115}},"18":{"start":{"line":35,"column":21},"end":{"line":41,"column":6}},"19":{"start":{"line":43,"column":4},"end":{"line":45,"column":5}},"20":{"start":{"line":44,"column":6},"end":{"line":44,"column":65}},"21":{"start":{"line":47,"column":4},"end":{"line":47,"column":47}},"22":{"start":{"line":49,"column":4},"end":{"line":53,"column":6}},"23":{"start":{"line":55,"column":4},"end":{"line":55,"column":73}},"24":{"start":{"line":57,"column":4},"end":{"line":57,"column":53}},"25":{"start":{"line":58,"column":4},"end":{"line":58,"column":63}}},"fnMap":{"0":{"name":"(anonymous_0)","decl":{"start":{"line":7,"column":32},"end":{"line":7,"column":33}},"loc":{"start":{"line":7,"column":52},"end":{"line":15,"column":1}},"line":7},"1":{"name":"(anonymous_1)","decl":{"start":{"line":16,"column":27},"end":{"line":16,"column":28}},"loc":{"start":{"line":16,"column":47},"end":{"line":60,"column":1}},"line":16}},"branchMap":{"0":{"loc":{"start":{"line":22,"column":4},"end":{"line":24,"column":5}},"type":"if","locations":[{"start":{"line":22,"column":4},"end":{"line":24,"column":5}},{"start":{},"end":{}}],"line":22},"1":{"loc":{"start":{"line":27,"column":4},"end":{"line":29,"column":5}},"type":"if","locations":[{"start":{"line":27,"column":4},"end":{"line":29,"column":5}},{"start":{},"end":{}}],"line":27},"2":{"loc":{"start":{"line":31,"column":4},"end":{"line":33,"column":5}},"type":"if","locations":[{"start":{"line":31,"column":4},"end":{"line":33,"column":5}},{"start":{},"end":{}}],"line":31},"3":{"loc":{"start":{"line":43,"column":4},"end":{"line":45,"column":5}},"type":"if","locations":[{"start":{"line":43,"column":4},"end":{"line":45,"column":5}},{"start":{},"end":{}}],"line":43},"4":{"loc":{"start":{"line":52,"column":6},"end":{"line":52,"column":51}},"type":"cond-expr","locations":[{"start":{"line":52,"column":30},"end":{"line":52,"column":39}},{"start":{"line":52,"column":42},"end":{"line":52,"column":51}}],"line":52}},"s":{"0":1,"1":2,"2":2,"3":1,"4":1,"5":1,"6":1,"7":6,"8":6,"9":6,"10":6,"11":6,"12":1,"13":5,"14":4,"15":1,"16":3,"17":1,"18":2,"19":2,"20":1,"21":1,"22":1,"23":1,"24":1,"25":1},"f":{"0":2,"1":6},"b":{"0":[1,5],"1":[1,3],"2":[1,2],"3":[1,1],"4":[1,0]},"_coverageSchema":"1a1c01bbd47fc00a2c39e90264f33305004495a9","hash":"ebb15bcbcff3f36236e34066be6d80d6b2107c95"}
,"C:\\Users\\User\\Desktop\\APPS\\JUSTEvents\\backend\\src\\controllers\\authController.js": {"path":"C:\\Users\\User\\Desktop\\APPS\\JUSTEvents\\backend\\src\\controllers\\authController.js","statementMap":{"0":{"start":{"line":11,"column":19},"end":{"line":11,"column":64}},"1":{"start":{"line":13,"column":19},"end":{"line":13,"column":59}},"2":{"start":{"line":17,"column":24},"end":{"line":59,"column":1}},"3":{"start":{"line":18,"column":2},"end":{"line":58,"column":3}},"4":{"start":{"line":19,"column":44},"end":{"line":19,"column":52}},"5":{"start":{"line":21,"column":4},"end":{"line":22,"column":63}},"6":{"start":{"line":22,"column":6},"end":{"line":22,"column":63}},"7":{"start":{"line":24,"column":23},"end":{"line":24,"column":51}},"8":{"start":{"line":25,"column":4},"end":{"line":26,"column":60}},"9":{"start":{"line":26,"column":6},"end":{"line":26,"column":60}},"10":{"start":{"line":28,"column":25},"end":{"line":28,"column":76}},"11":{"start":{"line":29,"column":4},"end":{"line":30,"column":62}},"12":{"start":{"line":30,"column":6},"end":{"line":30,"column":62}},"13":{"start":{"line":32,"column":21},"end":{"line":32,"column":50}},"14":{"start":{"line":33,"column":4},"end":{"line":33,"column":72}},"15":{"start":{"line":33,"column":18},"end":{"line":33,"column":72}},"16":{"start":{"line":35,"column":19},"end":{"line":35,"column":50}},"17":{"start":{"line":36,"column":29},"end":{"line":36,"column":72}},"18":{"start":{"line":38,"column":4},"end":{"line":47,"column":7}},"19":{"start":{"line":49,"column":4},"end":{"line":52,"column":7}},"20":{"start":{"line":50,"column":6},"end":{"line":50,"column":49}},"21":{"start":{"line":51,"column":6},"end":{"line":51,"column":73}},"22":{"start":{"line":54,"column":4},"end":{"line":54,"column":81}},"23":{"start":{"line":56,"column":4},"end":{"line":56,"column":46}},"24":{"start":{"line":57,"column":4},"end":{"line":57,"column":63}},"25":{"start":{"line":62,"column":27},"end":{"line":78,"column":1}},"26":{"start":{"line":63,"column":2},"end":{"line":77,"column":3}},"27":{"start":{"line":64,"column":28},"end":{"line":64,"column":36}},"28":{"start":{"line":65,"column":4},"end":{"line":65,"column":86}},"29":{"start":{"line":65,"column":25},"end":{"line":65,"column":86}},"30":{"start":{"line":67,"column":17},"end":{"line":67,"column":46}},"31":{"start":{"line":68,"column":4},"end":{"line":68,"column":63}},"32":{"start":{"line":68,"column":15},"end":{"line":68,"column":63}},"33":{"start":{"line":69,"column":4},"end":{"line":69,"column":82}},"34":{"start":{"line":69,"column":26},"end":{"line":69,"column":82}},"35":{"start":{"line":70,"column":4},"end":{"line":70,"column":100}},"36":{"start":{"line":70,"column":41},"end":{"line":70,"column":100}},"37":{"start":{"line":72,"column":4},"end":{"line":72,"column":34}},"38":{"start":{"line":73,"column":4},"end":{"line":73,"column":58}},"39":{"start":{"line":75,"column":4},"end":{"line":75,"column":52}},"40":{"start":{"line":76,"column":4},"end":{"line":76,"column":50}},"41":{"start":{"line":81,"column":21},"end":{"line":117,"column":1}},"42":{"start":{"line":82,"column":2},"end":{"line":116,"column":3}},"43":{"start":{"line":83,"column":32},"end":{"line":83,"column":40}},"44":{"start":{"line":84,"column":4},"end":{"line":85,"column":71}},"45":{"start":{"line":85,"column":6},"end":{"line":85,"column":71}},"46":{"start":{"line":87,"column":17},"end":{"line":87,"column":46}},"47":{"start":{"line":88,"column":4},"end":{"line":88,"column":63}},"48":{"start":{"line":88,"column":15},"end":{"line":88,"column":63}},"49":{"start":{"line":89,"column":4},"end":{"line":89,"column":91}},"50":{"start":{"line":89,"column":27},"end":{"line":89,"column":91}},"51":{"start":{"line":91,"column":4},"end":{"line":91,"column":52}},"52":{"start":{"line":93,"column":18},"end":{"line":93,"column":68}},"53":{"start":{"line":94,"column":4},"end":{"line":94,"column":68}},"54":{"start":{"line":94,"column":16},"end":{"line":94,"column":68}},"55":{"start":{"line":96,"column":4},"end":{"line":96,"column":40}},"56":{"start":{"line":98,"column":24},"end":{"line":102,"column":5}},"57":{"start":{"line":104,"column":25},"end":{"line":108,"column":5}},"58":{"start":{"line":110,"column":4},"end":{"line":110,"column":51}},"59":{"start":{"line":112,"column":4},"end":{"line":112,"column":125}},"60":{"start":{"line":114,"column":4},"end":{"line":114,"column":39}},"61":{"start":{"line":115,"column":4},"end":{"line":115,"column":43}},"62":{"start":{"line":120,"column":38},"end":{"line":138,"column":1}},"63":{"start":{"line":121,"column":2},"end":{"line":137,"column":3}},"64":{"start":{"line":122,"column":22},"end":{"line":122,"column":30}},"65":{"start":{"line":123,"column":4},"end":{"line":123,"column":67}},"66":{"start":{"line":123,"column":16},"end":{"line":123,"column":67}},"67":{"start":{"line":125,"column":17},"end":{"line":125,"column":46}},"68":{"start":{"line":126,"column":4},"end":{"line":126,"column":63}},"69":{"start":{"line":126,"column":15},"end":{"line":126,"column":63}},"70":{"start":{"line":127,"column":4},"end":{"line":127,"column":82}},"71":{"start":{"line":127,"column":26},"end":{"line":127,"column":82}},"72":{"start":{"line":129,"column":20},"end":{"line":129,"column":63}},"73":{"start":{"line":130,"column":4},"end":{"line":130,"column":54}},"74":{"start":{"line":132,"column":4},"end":{"line":132,"column":96}},"75":{"start":{"line":133,"column":4},"end":{"line":133,"column":71}},"76":{"start":{"line":135,"column":4},"end":{"line":135,"column":53}},"77":{"start":{"line":136,"column":4},"end":{"line":136,"column":65}},"78":{"start":{"line":141,"column":36},"end":{"line":169,"column":1}},"79":{"start":{"line":142,"column":20},"end":{"line":142,"column":28}},"80":{"start":{"line":143,"column":2},"end":{"line":168,"column":3}},"81":{"start":{"line":144,"column":4},"end":{"line":144,"column":67}},"82":{"start":{"line":144,"column":16},"end":{"line":144,"column":67}},"83":{"start":{"line":146,"column":23},"end":{"line":146,"column":61}},"84":{"start":{"line":147,"column":29},"end":{"line":147,"column":59}},"85":{"start":{"line":149,"column":24},"end":{"line":149,"column":87}},"86":{"start":{"line":150,"column":4},"end":{"line":150,"column":83}},"87":{"start":{"line":150,"column":22},"end":{"line":150,"column":83}},"88":{"start":{"line":152,"column":22},"end":{"line":152,"column":84}},"89":{"start":{"line":153,"column":20},"end":{"line":153,"column":69}},"90":{"start":{"line":155,"column":4},"end":{"line":162,"column":7}},"91":{"start":{"line":164,"column":4},"end":{"line":164,"column":69}},"92":{"start":{"line":166,"column":4},"end":{"line":166,"column":59}},"93":{"start":{"line":167,"column":4},"end":{"line":167,"column":43}},"94":{"start":{"line":172,"column":29},"end":{"line":191,"column":1}},"95":{"start":{"line":173,"column":33},"end":{"line":173,"column":41}},"96":{"start":{"line":174,"column":2},"end":{"line":190,"column":3}},"97":{"start":{"line":175,"column":4},"end":{"line":176,"column":75}},"98":{"start":{"line":176,"column":6},"end":{"line":176,"column":75}},"99":{"start":{"line":178,"column":17},"end":{"line":178,"column":51}},"100":{"start":{"line":179,"column":4},"end":{"line":179,"column":73}},"101":{"start":{"line":179,"column":15},"end":{"line":179,"column":73}},"102":{"start":{"line":181,"column":27},"end":{"line":181,"column":61}},"103":{"start":{"line":182,"column":28},"end":{"line":182,"column":83}},"104":{"start":{"line":183,"column":4},"end":{"line":183,"column":85}},"105":{"start":{"line":183,"column":26},"end":{"line":183,"column":85}},"106":{"start":{"line":185,"column":4},"end":{"line":185,"column":43}},"107":{"start":{"line":186,"column":4},"end":{"line":186,"column":58}},"108":{"start":{"line":188,"column":4},"end":{"line":188,"column":62}},"109":{"start":{"line":189,"column":4},"end":{"line":189,"column":43}},"110":{"start":{"line":194,"column":27},"end":{"line":215,"column":1}},"111":{"start":{"line":195,"column":2},"end":{"line":214,"column":3}},"112":{"start":{"line":196,"column":19},"end":{"line":196,"column":30}},"113":{"start":{"line":197,"column":31},"end":{"line":197,"column":39}},"114":{"start":{"line":198,"column":23},"end":{"line":198,"column":49}},"115":{"start":{"line":200,"column":4},"end":{"line":202,"column":5}},"116":{"start":{"line":201,"column":6},"end":{"line":201,"column":105}},"117":{"start":{"line":204,"column":20},"end":{"line":204,"column":83}},"118":{"start":{"line":206,"column":4},"end":{"line":208,"column":5}},"119":{"start":{"line":207,"column":6},"end":{"line":207,"column":89}},"120":{"start":{"line":210,"column":4},"end":{"line":210,"column":105}},"121":{"start":{"line":212,"column":4},"end":{"line":212,"column":58}},"122":{"start":{"line":213,"column":4},"end":{"line":213,"column":108}},"123":{"start":{"line":217,"column":28},"end":{"line":248,"column":1}},"124":{"start":{"line":218,"column":2},"end":{"line":247,"column":3}},"125":{"start":{"line":219,"column":22},"end":{"line":219,"column":30}},"126":{"start":{"line":221,"column":4},"end":{"line":223,"column":5}},"127":{"start":{"line":222,"column":6},"end":{"line":222,"column":65}},"128":{"start":{"line":225,"column":19},"end":{"line":225,"column":56}},"129":{"start":{"line":226,"column":4},"end":{"line":228,"column":5}},"130":{"start":{"line":227,"column":6},"end":{"line":227,"column":61}},"131":{"start":{"line":230,"column":4},"end":{"line":243,"column":7}},"132":{"start":{"line":231,"column":6},"end":{"line":234,"column":7}},"133":{"start":{"line":232,"column":8},"end":{"line":232,"column":56}},"134":{"start":{"line":233,"column":8},"end":{"line":233,"column":74}},"135":{"start":{"line":236,"column":29},"end":{"line":240,"column":7}},"136":{"start":{"line":242,"column":6},"end":{"line":242,"column":105}},"137":{"start":{"line":245,"column":4},"end":{"line":245,"column":59}},"138":{"start":{"line":246,"column":4},"end":{"line":246,"column":64}}},"fnMap":{"0":{"name":"(anonymous_0)","decl":{"start":{"line":17,"column":24},"end":{"line":17,"column":25}},"loc":{"start":{"line":17,"column":44},"end":{"line":59,"column":1}},"line":17},"1":{"name":"(anonymous_1)","decl":{"start":{"line":49,"column":110},"end":{"line":49,"column":111}},"loc":{"start":{"line":49,"column":119},"end":{"line":52,"column":5}},"line":49},"2":{"name":"(anonymous_2)","decl":{"start":{"line":62,"column":27},"end":{"line":62,"column":28}},"loc":{"start":{"line":62,"column":47},"end":{"line":78,"column":1}},"line":62},"3":{"name":"(anonymous_3)","decl":{"start":{"line":81,"column":21},"end":{"line":81,"column":22}},"loc":{"start":{"line":81,"column":41},"end":{"line":117,"column":1}},"line":81},"4":{"name":"(anonymous_4)","decl":{"start":{"line":120,"column":38},"end":{"line":120,"column":39}},"loc":{"start":{"line":120,"column":58},"end":{"line":138,"column":1}},"line":120},"5":{"name":"(anonymous_5)","decl":{"start":{"line":141,"column":36},"end":{"line":141,"column":37}},"loc":{"start":{"line":141,"column":56},"end":{"line":169,"column":1}},"line":141},"6":{"name":"(anonymous_6)","decl":{"start":{"line":172,"column":29},"end":{"line":172,"column":30}},"loc":{"start":{"line":172,"column":49},"end":{"line":191,"column":1}},"line":172},"7":{"name":"(anonymous_7)","decl":{"start":{"line":194,"column":27},"end":{"line":194,"column":28}},"loc":{"start":{"line":194,"column":47},"end":{"line":215,"column":1}},"line":194},"8":{"name":"(anonymous_8)","decl":{"start":{"line":217,"column":28},"end":{"line":217,"column":29}},"loc":{"start":{"line":217,"column":48},"end":{"line":248,"column":1}},"line":217},"9":{"name":"(anonymous_9)","decl":{"start":{"line":230,"column":46},"end":{"line":230,"column":47}},"loc":{"start":{"line":230,"column":64},"end":{"line":243,"column":5}},"line":230}},"branchMap":{"0":{"loc":{"start":{"line":11,"column":19},"end":{"line":11,"column":64}},"type":"binary-expr","locations":[{"start":{"line":11,"column":19},"end":{"line":11,"column":41}},{"start":{"line":11,"column":45},"end":{"line":11,"column":64}}],"line":11},"1":{"loc":{"start":{"line":21,"column":4},"end":{"line":22,"column":63}},"type":"if","locations":[{"start":{"line":21,"column":4},"end":{"line":22,"column":63}},{"start":{},"end":{}}],"line":21},"2":{"loc":{"start":{"line":21,"column":8},"end":{"line":21,"column":45}},"type":"binary-expr","locations":[{"start":{"line":21,"column":8},"end":{"line":21,"column":13}},{"start":{"line":21,"column":17},"end":{"line":21,"column":23}},{"start":{"line":21,"column":27},"end":{"line":21,"column":36}},{"start":{"line":21,"column":40},"end":{"line":21,"column":45}}],"line":21},"3":{"loc":{"start":{"line":25,"column":4},"end":{"line":26,"column":60}},"type":"if","locations":[{"start":{"line":25,"column":4},"end":{"line":26,"column":60}},{"start":{},"end":{}}],"line":25},"4":{"loc":{"start":{"line":29,"column":4},"end":{"line":30,"column":62}},"type":"if","locations":[{"start":{"line":29,"column":4},"end":{"line":30,"column":62}},{"start":{},"end":{}}],"line":29},"5":{"loc":{"start":{"line":33,"column":4},"end":{"line":33,"column":72}},"type":"if","locations":[{"start":{"line":33,"column":4},"end":{"line":33,"column":72}},{"start":{},"end":{}}],"line":33},"6":{"loc":{"start":{"line":43,"column":22},"end":{"line":43,"column":91}},"type":"cond-expr","locations":[{"start":{"line":43,"column":80},"end":{"line":43,"column":84}},{"start":{"line":43,"column":87},"end":{"line":43,"column":91}}],"line":43},"7":{"loc":{"start":{"line":65,"column":4},"end":{"line":65,"column":86}},"type":"if","locations":[{"start":{"line":65,"column":4},"end":{"line":65,"column":86}},{"start":{},"end":{}}],"line":65},"8":{"loc":{"start":{"line":65,"column":8},"end":{"line":65,"column":23}},"type":"binary-expr","locations":[{"start":{"line":65,"column":8},"end":{"line":65,"column":14}},{"start":{"line":65,"column":18},"end":{"line":65,"column":23}}],"line":65},"9":{"loc":{"start":{"line":68,"column":4},"end":{"line":68,"column":63}},"type":"if","locations":[{"start":{"line":68,"column":4},"end":{"line":68,"column":63}},{"start":{},"end":{}}],"line":68},"10":{"loc":{"start":{"line":69,"column":4},"end":{"line":69,"column":82}},"type":"if","locations":[{"start":{"line":69,"column":4},"end":{"line":69,"column":82}},{"start":{},"end":{}}],"line":69},"11":{"loc":{"start":{"line":70,"column":4},"end":{"line":70,"column":100}},"type":"if","locations":[{"start":{"line":70,"column":4},"end":{"line":70,"column":100}},{"start":{},"end":{}}],"line":70},"12":{"loc":{"start":{"line":84,"column":4},"end":{"line":85,"column":71}},"type":"if","locations":[{"start":{"line":84,"column":4},"end":{"line":85,"column":71}},{"start":{},"end":{}}],"line":84},"13":{"loc":{"start":{"line":84,"column":8},"end":{"line":84,"column":27}},"type":"binary-expr","locations":[{"start":{"line":84,"column":8},"end":{"line":84,"column":14}},{"start":{"line":84,"column":18},"end":{"line":84,"column":27}}],"line":84},"14":{"loc":{"start":{"line":88,"column":4},"end":{"line":88,"column":63}},"type":"if","locations":[{"start":{"line":88,"column":4},"end":{"line":88,"column":63}},{"start":{},"end":{}}],"line":88},"15":{"loc":{"start":{"line":89,"column":4},"end":{"line":89,"column":91}},"type":"if","locations":[{"start":{"line":89,"column":4},"end":{"line":89,"column":91}},{"start":{},"end":{}}],"line":89},"16":{"loc":{"start":{"line":94,"column":4},"end":{"line":94,"column":68}},"type":"if","locations":[{"start":{"line":94,"column":4},"end":{"line":94,"column":68}},{"start":{},"end":{}}],"line":94},"17":{"loc":{"start":{"line":123,"column":4},"end":{"line":123,"column":67}},"type":"if","locations":[{"start":{"line":123,"column":4},"end":{"line":123,"column":67}},{"start":{},"end":{}}],"line":123},"18":{"loc":{"start":{"line":126,"column":4},"end":{"line":126,"column":63}},"type":"if","locations":[{"start":{"line":126,"column":4},"end":{"line":126,"column":63}},{"start":{},"end":{}}],"line":126},"19":{"loc":{"start":{"line":127,"column":4},"end":{"line":127,"column":82}},"type":"if","locations":[{"start":{"line":127,"column":4},"end":{"line":127,"column":82}},{"start":{},"end":{}}],"line":127},"20":{"loc":{"start":{"line":144,"column":4},"end":{"line":144,"column":67}},"type":"if","locations":[{"start":{"line":144,"column":4},"end":{"line":144,"column":67}},{"start":{},"end":{}}],"line":144},"21":{"loc":{"start":{"line":150,"column":4},"end":{"line":150,"column":83}},"type":"if","locations":[{"start":{"line":150,"column":4},"end":{"line":150,"column":83}},{"start":{},"end":{}}],"line":150},"22":{"loc":{"start":{"line":175,"column":4},"end":{"line":176,"column":75}},"type":"if","locations":[{"start":{"line":175,"column":4},"end":{"line":176,"column":75}},{"start":{},"end":{}}],"line":175},"23":{"loc":{"start":{"line":175,"column":8},"end":{"line":175,"column":30}},"type":"binary-expr","locations":[{"start":{"line":175,"column":8},"end":{"line":175,"column":14}},{"start":{"line":175,"column":18},"end":{"line":175,"column":30}}],"line":175},"24":{"loc":{"start":{"line":179,"column":4},"end":{"line":179,"column":73}},"type":"if","locations":[{"start":{"line":179,"column":4},"end":{"line":179,"column":73}},{"start":{},"end":{}}],"line":179},"25":{"loc":{"start":{"line":183,"column":4},"end":{"line":183,"column":85}},"type":"if","locations":[{"start":{"line":183,"column":4},"end":{"line":183,"column":85}},{"start":{},"end":{}}],"line":183},"26":{"loc":{"start":{"line":198,"column":23},"end":{"line":198,"column":49}},"type":"binary-expr","locations":[{"start":{"line":198,"column":23},"end":{"line":198,"column":41}},{"start":{"line":198,"column":45},"end":{"line":198,"column":49}}],"line":198},"27":{"loc":{"start":{"line":200,"column":4},"end":{"line":202,"column":5}},"type":"if","locations":[{"start":{"line":200,"column":4},"end":{"line":202,"column":5}},{"start":{},"end":{}}],"line":200},"28":{"loc":{"start":{"line":200,"column":8},"end":{"line":200,"column":63}},"type":"binary-expr","locations":[{"start":{"line":200,"column":8},"end":{"line":200,"column":23}},{"start":{"line":200,"column":27},"end":{"line":200,"column":63}}],"line":200},"29":{"loc":{"start":{"line":206,"column":4},"end":{"line":208,"column":5}},"type":"if","locations":[{"start":{"line":206,"column":4},"end":{"line":208,"column":5}},{"start":{},"end":{}}],"line":206},"30":{"loc":{"start":{"line":221,"column":4},"end":{"line":223,"column":5}},"type":"if","locations":[{"start":{"line":221,"column":4},"end":{"line":223,"column":5}},{"start":{},"end":{}}],"line":221},"31":{"loc":{"start":{"line":226,"column":4},"end":{"line":228,"column":5}},"type":"if","locations":[{"start":{"line":226,"column":4},"end":{"line":228,"column":5}},{"start":{},"end":{}}],"line":226},"32":{"loc":{"start":{"line":231,"column":6},"end":{"line":234,"column":7}},"type":"if","locations":[{"start":{"line":231,"column":6},"end":{"line":234,"column":7}},{"start":{},"end":{}}],"line":231}},"s":{"0":1,"1":1,"2":1,"3":7,"4":7,"5":7,"6":1,"7":6,"8":6,"9":1,"10":5,"11":5,"12":1,"13":4,"14":3,"15":1,"16":2,"17":2,"18":2,"19":2,"20":1,"21":1,"22":2,"23":1,"24":1,"25":1,"26":6,"27":6,"28":6,"29":1,"30":5,"31":4,"32":1,"33":3,"34":1,"35":2,"36":1,"37":1,"38":1,"39":1,"40":1,"41":1,"42":6,"43":6,"44":6,"45":1,"46":5,"47":4,"48":1,"49":3,"50":1,"51":2,"52":2,"53":2,"54":1,"55":1,"56":1,"57":1,"58":1,"59":1,"60":1,"61":1,"62":1,"63":5,"64":5,"65":5,"66":1,"67":4,"68":3,"69":1,"70":2,"71":1,"72":1,"73":1,"74":1,"75":1,"76":1,"77":1,"78":1,"79":4,"80":4,"81":4,"82":1,"83":3,"84":3,"85":3,"86":2,"87":1,"88":1,"89":1,"90":1,"91":1,"92":1,"93":1,"94":1,"95":5,"96":5,"97":5,"98":1,"99":4,"100":3,"101":1,"102":2,"103":2,"104":2,"105":1,"106":1,"107":1,"108":1,"109":1,"110":1,"111":4,"112":4,"113":4,"114":4,"115":4,"116":1,"117":3,"118":2,"119":1,"120":1,"121":1,"122":1,"123":1,"124":5,"125":5,"126":5,"127":1,"128":4,"129":3,"130":1,"131":2,"132":2,"133":1,"134":1,"135":1,"136":1,"137":1,"138":1},"f":{"0":7,"1":1,"2":6,"3":6,"4":5,"5":4,"6":5,"7":4,"8":5,"9":2},"b":{"0":[1,1],"1":[1,6],"2":[7,7,6,6],"3":[1,5],"4":[1,4],"5":[1,2],"6":[0,2],"7":[1,5],"8":[6,5],"9":[1,3],"10":[1,2],"11":[1,1],"12":[1,5],"13":[6,5],"14":[1,3],"15":[1,2],"16":[1,1],"17":[1,4],"18":[1,2],"19":[1,1],"20":[1,3],"21":[1,1],"22":[1,4],"23":[5,4],"24":[1,2],"25":[1,1],"26":[4,4],"27":[1,3],"28":[4,4],"29":[1,1],"30":[1,4],"31":[1,2],"32":[1,1]},"_coverageSchema":"1a1c01bbd47fc00a2c39e90264f33305004495a9","hash":"3171d611f065b4adbd07563feb929a2edd1914be"}
,"C:\\Users\\User\\Desktop\\APPS\\JUSTEvents\\backend\\src\\controllers\\bookingController.js": {"path":"C:\\Users\\User\\Desktop\\APPS\\JUSTEvents\\backend\\src\\controllers\\bookingController.js","statementMap":{"0":{"start":{"line":7,"column":29},"end":{"line":45,"column":1}},"1":{"start":{"line":8,"column":18},"end":{"line":8,"column":29}},"2":{"start":{"line":9,"column":53},"end":{"line":9,"column":61}},"3":{"start":{"line":11,"column":2},"end":{"line":13,"column":3}},"4":{"start":{"line":12,"column":4},"end":{"line":12,"column":61}},"5":{"start":{"line":15,"column":2},"end":{"line":44,"column":3}},"6":{"start":{"line":16,"column":24},"end":{"line":16,"column":91}},"7":{"start":{"line":17,"column":4},"end":{"line":19,"column":5}},"8":{"start":{"line":18,"column":6},"end":{"line":18,"column":93}},"9":{"start":{"line":21,"column":24},"end":{"line":21,"column":99}},"10":{"start":{"line":22,"column":4},"end":{"line":24,"column":5}},"11":{"start":{"line":23,"column":6},"end":{"line":23,"column":92}},"12":{"start":{"line":26,"column":22},"end":{"line":26,"column":95}},"13":{"start":{"line":28,"column":21},"end":{"line":30,"column":5}},"14":{"start":{"line":31,"column":19},"end":{"line":31,"column":85}},"15":{"start":{"line":32,"column":21},"end":{"line":32,"column":62}},"16":{"start":{"line":33,"column":4},"end":{"line":39,"column":5}},"17":{"start":{"line":34,"column":6},"end":{"line":38,"column":8}},"18":{"start":{"line":40,"column":4},"end":{"line":40,"column":91}},"19":{"start":{"line":42,"column":4},"end":{"line":42,"column":55}},"20":{"start":{"line":43,"column":4},"end":{"line":43,"column":75}},"21":{"start":{"line":48,"column":29},"end":{"line":58,"column":1}},"22":{"start":{"line":49,"column":18},"end":{"line":49,"column":29}},"23":{"start":{"line":51,"column":2},"end":{"line":57,"column":3}},"24":{"start":{"line":52,"column":21},"end":{"line":52,"column":53}},"25":{"start":{"line":53,"column":4},"end":{"line":53,"column":84}},"26":{"start":{"line":55,"column":4},"end":{"line":55,"column":55}},"27":{"start":{"line":56,"column":4},"end":{"line":56,"column":74}},"28":{"start":{"line":61,"column":29},"end":{"line":86,"column":1}},"29":{"start":{"line":62,"column":18},"end":{"line":62,"column":29}},"30":{"start":{"line":63,"column":17},"end":{"line":63,"column":27}},"31":{"start":{"line":65,"column":2},"end":{"line":85,"column":3}},"32":{"start":{"line":66,"column":19},"end":{"line":66,"column":56}},"33":{"start":{"line":68,"column":4},"end":{"line":70,"column":5}},"34":{"start":{"line":69,"column":6},"end":{"line":69,"column":57}},"35":{"start":{"line":71,"column":4},"end":{"line":73,"column":5}},"36":{"start":{"line":72,"column":6},"end":{"line":72,"column":77}},"37":{"start":{"line":74,"column":4},"end":{"line":76,"column":5}},"38":{"start":{"line":75,"column":6},"end":{"line":75,"column":89}},"39":{"start":{"line":77,"column":4},"end":{"line":79,"column":5}},"40":{"start":{"line":78,"column":6},"end":{"line":78,"column":70}},"41":{"start":{"line":81,"column":4},"end":{"line":81,"column":62}},"42":{"start":{"line":83,"column":4},"end":{"line":83,"column":55}},"43":{"start":{"line":84,"column":4},"end":{"line":84,"column":61}},"44":{"start":{"line":89,"column":34},"end":{"line":97,"column":1}},"45":{"start":{"line":90,"column":2},"end":{"line":96,"column":3}},"46":{"start":{"line":91,"column":21},"end":{"line":91,"column":47}},"47":{"start":{"line":92,"column":4},"end":{"line":92,"column":88}},"48":{"start":{"line":94,"column":4},"end":{"line":94,"column":60}},"49":{"start":{"line":95,"column":4},"end":{"line":95,"column":71}},"50":{"start":{"line":100,"column":29},"end":{"line":141,"column":1}},"51":{"start":{"line":101,"column":17},"end":{"line":101,"column":27}},"52":{"start":{"line":102,"column":21},"end":{"line":102,"column":29}},"53":{"start":{"line":104,"column":2},"end":{"line":106,"column":3}},"54":{"start":{"line":105,"column":4},"end":{"line":105,"column":90}},"55":{"start":{"line":108,"column":2},"end":{"line":140,"column":3}},"56":{"start":{"line":109,"column":19},"end":{"line":112,"column":5}},"57":{"start":{"line":114,"column":4},"end":{"line":116,"column":5}},"58":{"start":{"line":115,"column":6},"end":{"line":115,"column":57}},"59":{"start":{"line":118,"column":20},"end":{"line":118,"column":27}},"60":{"start":{"line":120,"column":4},"end":{"line":122,"column":5}},"61":{"start":{"line":121,"column":6},"end":{"line":121,"column":78}},"62":{"start":{"line":124,"column":20},"end":{"line":124,"column":58}},"63":{"start":{"line":125,"column":4},"end":{"line":127,"column":5}},"64":{"start":{"line":126,"column":6},"end":{"line":126,"column":71}},"65":{"start":{"line":130,"column":4},"end":{"line":134,"column":6}},"66":{"start":{"line":136,"column":4},"end":{"line":136,"column":75}},"67":{"start":{"line":138,"column":4},"end":{"line":138,"column":55}},"68":{"start":{"line":139,"column":4},"end":{"line":139,"column":65}},"69":{"start":{"line":143,"column":31},"end":{"line":151,"column":1}},"70":{"start":{"line":144,"column":2},"end":{"line":150,"column":3}},"71":{"start":{"line":145,"column":18},"end":{"line":145,"column":49}},"72":{"start":{"line":146,"column":4},"end":{"line":146,"column":69}},"73":{"start":{"line":148,"column":4},"end":{"line":148,"column":57}},"74":{"start":{"line":149,"column":4},"end":{"line":149,"column":68}},"75":{"start":{"line":154,"column":30},"end":{"line":169,"column":1}},"76":{"start":{"line":155,"column":17},"end":{"line":155,"column":27}},"77":{"start":{"line":157,"column":2},"end":{"line":168,"column":3}},"78":{"start":{"line":158,"column":20},"end":{"line":158,"column":45}},"79":{"start":{"line":160,"column":4},"end":{"line":162,"column":5}},"80":{"start":{"line":161,"column":6},"end":{"line":161,"column":57}},"81":{"start":{"line":164,"column":4},"end":{"line":164,"column":64}},"82":{"start":{"line":166,"column":4},"end":{"line":166,"column":56}},"83":{"start":{"line":167,"column":4},"end":{"line":167,"column":54}}},"fnMap":{"0":{"name":"(anonymous_0)","decl":{"start":{"line":7,"column":29},"end":{"line":7,"column":30}},"loc":{"start":{"line":7,"column":49},"end":{"line":45,"column":1}},"line":7},"1":{"name":"(anonymous_1)","decl":{"start":{"line":48,"column":29},"end":{"line":48,"column":30}},"loc":{"start":{"line":48,"column":49},"end":{"line":58,"column":1}},"line":48},"2":{"name":"(anonymous_2)","decl":{"start":{"line":61,"column":29},"end":{"line":61,"column":30}},"loc":{"start":{"line":61,"column":49},"end":{"line":86,"column":1}},"line":61},"3":{"name":"(anonymous_3)","decl":{"start":{"line":89,"column":34},"end":{"line":89,"column":35}},"loc":{"start":{"line":89,"column":54},"end":{"line":97,"column":1}},"line":89},"4":{"name":"(anonymous_4)","decl":{"start":{"line":100,"column":29},"end":{"line":100,"column":30}},"loc":{"start":{"line":100,"column":49},"end":{"line":141,"column":1}},"line":100},"5":{"name":"(anonymous_5)","decl":{"start":{"line":143,"column":31},"end":{"line":143,"column":32}},"loc":{"start":{"line":143,"column":51},"end":{"line":151,"column":1}},"line":143},"6":{"name":"(anonymous_6)","decl":{"start":{"line":154,"column":30},"end":{"line":154,"column":31}},"loc":{"start":{"line":154,"column":50},"end":{"line":169,"column":1}},"line":154}},"branchMap":{"0":{"loc":{"start":{"line":11,"column":2},"end":{"line":13,"column":3}},"type":"if","locations":[{"start":{"line":11,"column":2},"end":{"line":13,"column":3}},{"start":{},"end":{}}],"line":11},"1":{"loc":{"start":{"line":11,"column":6},"end":{"line":11,"column":54}},"type":"binary-expr","locations":[{"start":{"line":11,"column":6},"end":{"line":11,"column":14}},{"start":{"line":11,"column":18},"end":{"line":11,"column":26}},{"start":{"line":11,"column":30},"end":{"line":11,"column":41}},{"start":{"line":11,"column":45},"end":{"line":11,"column":54}}],"line":11},"2":{"loc":{"start":{"line":17,"column":4},"end":{"line":19,"column":5}},"type":"if","locations":[{"start":{"line":17,"column":4},"end":{"line":19,"column":5}},{"start":{},"end":{}}],"line":17},"3":{"loc":{"start":{"line":22,"column":4},"end":{"line":24,"column":5}},"type":"if","locations":[{"start":{"line":22,"column":4},"end":{"line":24,"column":5}},{"start":{},"end":{}}],"line":22},"4":{"loc":{"start":{"line":32,"column":21},"end":{"line":32,"column":62}},"type":"cond-expr","locations":[{"start":{"line":32,"column":39},"end":{"line":32,"column":51}},{"start":{"line":32,"column":54},"end":{"line":32,"column":62}}],"line":32},"5":{"loc":{"start":{"line":68,"column":4},"end":{"line":70,"column":5}},"type":"if","locations":[{"start":{"line":68,"column":4},"end":{"line":70,"column":5}},{"start":{},"end":{}}],"line":68},"6":{"loc":{"start":{"line":71,"column":4},"end":{"line":73,"column":5}},"type":"if","locations":[{"start":{"line":71,"column":4},"end":{"line":73,"column":5}},{"start":{},"end":{}}],"line":71},"7":{"loc":{"start":{"line":74,"column":4},"end":{"line":76,"column":5}},"type":"if","locations":[{"start":{"line":74,"column":4},"end":{"line":76,"column":5}},{"start":{},"end":{}}],"line":74},"8":{"loc":{"start":{"line":77,"column":4},"end":{"line":79,"column":5}},"type":"if","locations":[{"start":{"line":77,"column":4},"end":{"line":79,"column":5}},{"start":{},"end":{}}],"line":77},"9":{"loc":{"start":{"line":104,"column":2},"end":{"line":106,"column":3}},"type":"if","locations":[{"start":{"line":104,"column":2},"end":{"line":106,"column":3}},{"start":{},"end":{}}],"line":104},"10":{"loc":{"start":{"line":114,"column":4},"end":{"line":116,"column":5}},"type":"if","locations":[{"start":{"line":114,"column":4},"end":{"line":116,"column":5}},{"start":{},"end":{}}],"line":114},"11":{"loc":{"start":{"line":120,"column":4},"end":{"line":122,"column":5}},"type":"if","locations":[{"start":{"line":120,"column":4},"end":{"line":122,"column":5}},{"start":{},"end":{}}],"line":120},"12":{"loc":{"start":{"line":125,"column":4},"end":{"line":127,"column":5}},"type":"if","locations":[{"start":{"line":125,"column":4},"end":{"line":127,"column":5}},{"start":{},"end":{}}],"line":125},"13":{"loc":{"start":{"line":133,"column":6},"end":{"line":133,"column":51}},"type":"cond-expr","locations":[{"start":{"line":133,"column":30},"end":{"line":133,"column":39}},{"start":{"line":133,"column":42},"end":{"line":133,"column":51}}],"line":133},"14":{"loc":{"start":{"line":160,"column":4},"end":{"line":162,"column":5}},"type":"if","locations":[{"start":{"line":160,"column":4},"end":{"line":162,"column":5}},{"start":{},"end":{}}],"line":160}},"s":{"0":1,"1":5,"2":5,"3":5,"4":1,"5":4,"6":4,"7":3,"8":1,"9":2,"10":2,"11":1,"12":1,"13":1,"14":1,"15":1,"16":1,"17":1,"18":1,"19":1,"20":1,"21":1,"22":2,"23":2,"24":2,"25":1,"26":1,"27":1,"28":1,"29":6,"30":6,"31":6,"32":6,"33":5,"34":1,"35":4,"36":1,"37":3,"38":1,"39":2,"40":1,"41":1,"42":1,"43":1,"44":1,"45":2,"46":2,"47":1,"48":1,"49":1,"50":1,"51":6,"52":6,"53":6,"54":1,"55":5,"56":5,"57":4,"58":1,"59":3,"60":3,"61":1,"62":2,"63":2,"64":1,"65":1,"66":1,"67":1,"68":1,"69":1,"70":2,"71":2,"72":1,"73":1,"74":1,"75":1,"76":3,"77":3,"78":3,"79":2,"80":1,"81":1,"82":1,"83":1},"f":{"0":5,"1":2,"2":6,"3":2,"4":6,"5":2,"6":3},"b":{"0":[1,4],"1":[5,5,4,4],"2":[1,2],"3":[1,1],"4":[1,0],"5":[1,4],"6":[1,3],"7":[1,2],"8":[1,1],"9":[1,5],"10":[1,3],"11":[1,2],"12":[1,1],"13":[1,0],"14":[1,1]},"_coverageSchema":"1a1c01bbd47fc00a2c39e90264f33305004495a9","hash":"52e150d4326e3e39c7f8f16de07691b3ea798112"}
,"C:\\Users\\User\\Desktop\\APPS\\JUSTEvents\\backend\\src\\controllers\\dashboardController.js": {"path":"C:\\Users\\User\\Desktop\\APPS\\JUSTEvents\\backend\\src\\controllers\\dashboardController.js","statementMap":{"0":{"start":{"line":5,"column":35},"end":{"line":50,"column":1}},"1":{"start":{"line":6,"column":17},"end":{"line":6,"column":27}},"2":{"start":{"line":9,"column":2},"end":{"line":11,"column":3}},"3":{"start":{"line":10,"column":4},"end":{"line":10,"column":51}},"4":{"start":{"line":13,"column":2},"end":{"line":49,"column":3}},"5":{"start":{"line":15,"column":22},"end":{"line":15,"column":45}},"6":{"start":{"line":16,"column":4},"end":{"line":18,"column":5}},"7":{"start":{"line":17,"column":6},"end":{"line":17,"column":59}},"8":{"start":{"line":20,"column":33},"end":{"line":23,"column":5}},"9":{"start":{"line":25,"column":32},"end":{"line":31,"column":5}},"10":{"start":{"line":33,"column":31},"end":{"line":39,"column":5}},"11":{"start":{"line":41,"column":4},"end":{"line":45,"column":7}},"12":{"start":{"line":47,"column":4},"end":{"line":47,"column":59}},"13":{"start":{"line":48,"column":4},"end":{"line":48,"column":60}}},"fnMap":{"0":{"name":"(anonymous_0)","decl":{"start":{"line":5,"column":35},"end":{"line":5,"column":36}},"loc":{"start":{"line":5,"column":55},"end":{"line":50,"column":1}},"line":5}},"branchMap":{"0":{"loc":{"start":{"line":9,"column":2},"end":{"line":11,"column":3}},"type":"if","locations":[{"start":{"line":9,"column":2},"end":{"line":11,"column":3}},{"start":{},"end":{}}],"line":9},"1":{"loc":{"start":{"line":9,"column":6},"end":{"line":9,"column":56}},"type":"binary-expr","locations":[{"start":{"line":9,"column":6},"end":{"line":9,"column":23}},{"start":{"line":9,"column":27},"end":{"line":9,"column":56}}],"line":9},"2":{"loc":{"start":{"line":16,"column":4},"end":{"line":18,"column":5}},"type":"if","locations":[{"start":{"line":16,"column":4},"end":{"line":18,"column":5}},{"start":{},"end":{}}],"line":16},"3":{"loc":{"start":{"line":16,"column":8},"end":{"line":16,"column":52}},"type":"binary-expr","locations":[{"start":{"line":16,"column":8},"end":{"line":16,"column":18}},{"start":{"line":16,"column":22},"end":{"line":16,"column":52}}],"line":16},"4":{"loc":{"start":{"line":44,"column":18},"end":{"line":44,"column":85}},"type":"cond-expr","locations":[{"start":{"line":44,"column":40},"end":{"line":44,"column":81}},{"start":{"line":44,"column":84},"end":{"line":44,"column":85}}],"line":44}},"s":{"0":1,"1":7,"2":7,"3":2,"4":5,"5":5,"6":5,"7":2,"8":3,"9":2,"10":2,"11":2,"12":1,"13":1},"f":{"0":7},"b":{"0":[2,5],"1":[7,6],"2":[2,3],"3":[5,4],"4":[1,1]},"_coverageSchema":"1a1c01bbd47fc00a2c39e90264f33305004495a9","hash":"3dab9d927612476749135ed182b34bd53cd43b44"}
,"C:\\Users\\User\\Desktop\\APPS\\JUSTEvents\\backend\\src\\controllers\\eventController.js": {"path":"C:\\Users\\User\\Desktop\\APPS\\JUSTEvents\\backend\\src\\controllers\\eventController.js","statementMap":{"0":{"start":{"line":9,"column":27},"end":{"line":43,"column":1}},"1":{"start":{"line":10,"column":2},"end":{"line":42,"column":3}},"2":{"start":{"line":11,"column":57},"end":{"line":11,"column":65}},"3":{"start":{"line":12,"column":25},"end":{"line":12,"column":36}},"4":{"start":{"line":13,"column":22},"end":{"line":13,"column":48}},"5":{"start":{"line":15,"column":4},"end":{"line":17,"column":5}},"6":{"start":{"line":16,"column":6},"end":{"line":16,"column":63}},"7":{"start":{"line":20,"column":21},"end":{"line":20,"column":86}},"8":{"start":{"line":21,"column":4},"end":{"line":23,"column":5}},"9":{"start":{"line":22,"column":6},"end":{"line":22,"column":56}},"10":{"start":{"line":26,"column":22},"end":{"line":26,"column":43}},"11":{"start":{"line":27,"column":4},"end":{"line":29,"column":5}},"12":{"start":{"line":28,"column":6},"end":{"line":28,"column":75}},"13":{"start":{"line":31,"column":21},"end":{"line":31,"column":68}},"14":{"start":{"line":32,"column":4},"end":{"line":34,"column":5}},"15":{"start":{"line":33,"column":6},"end":{"line":33,"column":82}},"16":{"start":{"line":35,"column":20},"end":{"line":35,"column":109}},"17":{"start":{"line":36,"column":4},"end":{"line":36,"column":44}},"18":{"start":{"line":38,"column":4},"end":{"line":38,"column":78}},"19":{"start":{"line":40,"column":4},"end":{"line":40,"column":39}},"20":{"start":{"line":41,"column":4},"end":{"line":41,"column":64}},"21":{"start":{"line":46,"column":25},"end":{"line":95,"column":1}},"22":{"start":{"line":47,"column":2},"end":{"line":94,"column":3}},"23":{"start":{"line":48,"column":19},"end":{"line":48,"column":29}},"24":{"start":{"line":51,"column":20},"end":{"line":58,"column":5}},"25":{"start":{"line":60,"column":21},"end":{"line":60,"column":45}},"26":{"start":{"line":61,"column":4},"end":{"line":61,"column":68}},"27":{"start":{"line":61,"column":19},"end":{"line":61,"column":68}},"28":{"start":{"line":62,"column":4},"end":{"line":63,"column":52}},"29":{"start":{"line":63,"column":6},"end":{"line":63,"column":52}},"30":{"start":{"line":65,"column":24},"end":{"line":65,"column":53}},"31":{"start"
[...]
,"C:\\Users\\User\\Desktop\\APPS\\JUSTEvents\\backend\\src\\models\\User.js": {"path":"C:\\Users\\User\\Desktop\\APPS\\JUSTEvents\\backend\\src\\models\\User.js","statementMap":{"0":{"start":{"line":7,"column":4},"end":{"line":7,"column":60}},"1":{"start":{"line":8,"column":4},"end":{"line":8,"column":16}},"2":{"start":{"line":13,"column":4},"end":{"line":48,"column":5}},"3":{"start":{"line":24,"column":10},"end":{"line":24,"column":18}},"4":{"start":{"line":26,"column":23},"end":{"line":41,"column":7}},"5":{"start":{"line":43,"column":6},"end":{"line":43,"column":29}},"6":{"start":{"line":46,"column":6},"end":{"line":46,"column":54}},"7":{"start":{"line":47,"column":6},"end":{"line":47,"column":18}},"8":{"start":{"line":53,"column":4},"end":{"line":58,"column":5}},"9":{"start":{"line":54,"column":21},"end":{"line":54,"column":85}},"10":{"start":{"line":55,"column":6},"end":{"line":55,"column":29}},"11":{"start":{"line":57,"column":6},"end":{"line":57,"column":64}},"12":{"start":{"line":63,"column":4},"end":{"line":68,"column":5}},"13":{"start":{"line":64,"column":21},"end":{"line":64,"column":79}},"14":{"start":{"line":65,"column":6},"end":{"line":65,"column":29}},"15":{"start":{"line":67,"column":6},"end":{"line":67,"column":61}},"16":{"start":{"line":73,"column":4},"end":{"line":78,"column":5}},"17":{"start":{"line":74,"column":21},"end":{"line":74,"column":60}},"18":{"start":{"line":75,"column":6},"end":{"line":75,"column":18}},"19":{"start":{"line":77,"column":6},"end":{"line":77,"column":61}},"20":{"start":{"line":83,"column":4},"end":{"line":90,"column":5}},"21":{"start":{"line":84,"column":21},"end":{"line":86,"column":7}},"22":{"start":{"line":87,"column":6},"end":{"line":87,"column":43}},"23":{"start":{"line":89,"column":6},"end":{"line":89,"column":70}},"24":{"start":{"line":95,"column":4},"end":{"line":103,"column":5}},"25":{"start":{"line":96,"column":23},"end":{"line":99,"column":7}},"26":{"start":{"line":100,"column":6},"end":{"line":100,"column":33}},"27":{"start":{"line":102,"column":6},"end":{"line":102,"column":58}},"28":{"start":{"line":108,"column":4},"end":{"line":116,"column":5}},"29":{"start":{"line":109,"column":23},"end":{"line":112,"column":7}},"30":{"start":{"line":113,"column":6},"end":{"line":113,"column":33}},"31":{"start":{"line":115,"column":6},"end":{"line":115,"column":69}},"32":{"start":{"line":121,"column":4},"end":{"line":129,"column":5}},"33":{"start":{"line":122,"column":23},"end":{"line":125,"column":7}},"34":{"start":{"line":126,"column":6},"end":{"line":126,"column":33}},"35":{"start":{"line":128,"column":6},"end":{"line":128,"column":61}},"36":{"start":{"line":134,"column":4},"end":{"line":142,"column":5}},"37":{"start":{"line":135,"column":23},"end":{"line":138,"column":7}},"38":{"start":{"line":139,"column":6},"end":{"line":139,"column":33}},"39":{"start":{"line":141,"column":6},"end":{"line":141,"column":66}},"40":{"start":{"line":147,"column":4},"end":{"line":155,"column":5}},"41":{"start":{"line":148,"column":23},"end":{"line":151,"column":7}},"42":{"start":{"line":152,"column":6},"end":{"line":152,"column":33}},"43":{"start":{"line":154,"column":6},"end":{"line":154,"column":61}},"44":{"start":{"line":160,"column":4},"end":{"line":168,"column":5}},"45":{"start":{"line":161,"column":23},"end":{"line":164,"column":7}},"46":{"start":{"line":165,"column":6},"end":{"line":165,"column":33}},"47":{"start":{"line":167,"column":6},"end":{"line":167,"column":63}},"48":{"start":{"line":173,"column":4},"end":{"line":178,"column":5}},"49":{"start":{"line":174,"column":21},"end":{"line":174,"column":83}},"50":{"start":{"line":175,"column":6},"end":{"line":175,"column":18}},"51":{"start":{"line":177,"column":6},"end":{"line":177,"column":65}},"52":{"start":{"line":183,"column":4},"end":{"line":188,"column":5}},"53":{"start":{"line":184,"column":21},"end":{"line":184,"column":83}},"54":{"start":{"line":185,"column":6},"end":{"line":185,"column":18}},"55":{"start":{"line":187,"column":6},"end":{"line":187,"column":65}},"56":{"start":{"line":193,"column":4},"end":{"line":201,"column":5}},"57":{"start":{"line":194,"column":23},"end":{"line":197,"column":7}},"58":{"start":{"line":198,"column":6},"end":{"line":198,"column":33}},"59":{"start":{"line":200,"column":6},"end":{"line":200,"column":61}},"60":{"start":{"line":206,"column":4},"end":{"line":225,"column":5}},"61":{"start":{"line":207,"column":22},"end":{"line":207,"column":24}},"62":{"start":{"line":208,"column":21},"end":{"line":208,"column":23}},"63":{"start":{"line":210,"column":6},"end":{"line":213,"column":7}},"64":{"start":{"line":211,"column":8},"end":{"line":211,"column":35}},"65":{"start":{"line":212,"column":8},"end":{"line":212,"column":27}},"66":{"start":{"line":215,"column":6},"end":{"line":215,"column":22}},"67":{"start":{"line":217,"column":23},"end":{"line":220,"column":7}},"68":{"start":{"line":221,"column":6},"end":{"line":221,"column":33}},"69":{"start":{"line":223,"column":6},"end":{"line":223,"column":67}},"70":{"start":{"line":224,"column":6},"end":{"line":224,"column":15}},"71":{"start":{"line":230,"column":4},"end":{"line":239,"column":5}},"72":{"start":{"line":231,"column":21},"end":{"line":234,"column":7}},"73":{"start":{"line":235,"column":6},"end":{"line":235,"column":18}},"74":{"start":{"line":237,"column":6},"end":{"line":237,"column":70}},"75":{"start":{"line":238,"column":6},"end":{"line":238,"column":16}},"76":{"start":{"line":244,"column":4},"end":{"line":253,"column":5}},"77":{"start":{"line":245,"column":23},"end":{"line":248,"column":7}},"78":{"start":{"line":249,"column":6},"end":{"line":249,"column":33}},"79":{"start":{"line":251,"column":6},"end":{"line":251,"column":65}},"80":{"start":{"line":252,"column":6},"end":{"line":252,"column":15}},"81":{"start":{"line":258,"column":4},"end":{"line":267,"column":5}},"82":{"start":{"line":259,"column":23},"end":{"line":262,"column":7}},"83":{"start":{"line":263,"column":6},"end":{"line":263,"column":37}},"84":{"start":{"line":265,"column":6},"end":{"line":265,"column":65}},"85":{"start":{"line":266,"column":6},"end":{"line":266,"column":19}},"86":{"start":{"line":272,"column":4},"end":{"line":281,"column":5}},"87":{"start":{"line":273,"column":21},"end":{"line":276,"column":7}},"88":{"start":{"line":277,"column":6},"end":{"line":277,"column":29}},"89":{"start":{"line":279,"column":6},"end":{"line":279,"column":73}},"90":{"start":{"line":280,"column":6},"end":{"line":280,"column":18}},"91":{"start":{"line":286,"column":4},"end":{"line":295,"column":5}},"92":{"start":{"line":287,"column":23},"end":{"line":290,"column":7}},"93":{"start":{"line":291,"column":6},"end":{"line":291,"column":37}},"94":{"start":{"line":293,"column":6},"end":{"line":293,"column":66}},"95":{"start":{"line":294,"column":6},"end":{"line":294,"column":19}},"96":{"start":{"line":300,"column":4},"end":{"line":309,"column":5}},"97":{"start":{"line":301,"column":23},"end":{"line":304,"column":7}},"98":{"start":{"line":305,"column":6},"end":{"line":305,"column":37}},"99":{"start":{"line":307,"column":6},"end":{"line":307,"column":63}},"100":{"start":{"line":308,"column":6},"end":{"line":308,"column":19}}},"fnMap":{"0":{"name":"(anonymous_0)","decl":{"start":{"line":6,"column":2},"end":{"line":6,"column":3}},"loc":{"start":{"line":6,"column":38},"end":{"line":9,"column":3}},"line":6},"1":{"name":"(anonymous_1)","decl":{"start":{"line":12,"column":2},"end":{"line":12,"column":3}},"loc":{"start":{"line":12,"column":32},"end":{"line":49,"column":3}},"line":12},"2":{"name":"(anonymous_2)","decl":{"start":{"line":52,"column":2},"end":{"line":52,"column":3}},"loc":{"start":{"line":52,"column":34},"end":{"line":59,"column":3}},"line":52},"3":{"name":"(anonymous_3)","decl":{"start":{"line":62,"column":2},"end":{"line":62,"column":3}},"loc":{"start":{"line":62,"column":28},"end":{"line":69,"column":3}},"line":62},"4":{"name":"(anonymous_4)","decl":{"start":{"line":72,"column":2},"end":{"line":72,"column":3}},"loc":{"start":{"line":72,"column":29},"end":{"line":79,"column":3}},"line":72},"5":{"name":"(anonymous_5)","decl":{"start":{"line":82,"column":2},"end":{"line":82,"column":3}},"loc":{"start":{"line":82,"column":38},"end":{"line":91,"column":3}},"line":82},"6":{"name":"(anonymous_6)","decl":{"start":{"line":94,"column":2},"end":{"line":94,"column":3}},"loc":{"start":{"line":94,"column":34},"end":{"line":104,"column":3}},"line":94},"7":{"name":"(anonymous_7)","decl":{"start":{"line":107,"column":2},"end":{"line":107,"column":3}},"loc":{"start":{"line":107,"column":51},"end":{"line":117,"column":3}},"line":107},"8":{"name":"(anonymous_8)","decl":{"start":{"line":120,"column":2},"end":{"line":120,"column":3}},"loc":{"start":{"line":120,"column":45},"end":{"line":130,"column":3}},"line":120},"9":{"name":"(anonymous_9)","decl":{"start":{"line":133,"column":2},"end":{"line":133,"column":3}},"loc":{"start":{"line":133,"column":44},"end":{"line":143,"column":3}},"line":133},"10":{"name":"(anonymous_10)","decl":{"start":{"line":146,"column":2},"end":{"line":146,"column":3}},"loc":{"start":{"line":146,"column":43},"end":{"line":156,"column":3}},"line":146},"11":{"name":"(anonymous_11)","decl":{"start":{"line":159,"column":2},"end":{"line":159,"column":3}},"loc":{"start":{"line":159,"column":65},"end":{"line":169,"column":3}},"line":159},"12":{"name":"(anonymous_12)","decl":{"start":{"line":172,"column":2},"end":{"line":172,"column":3}},"loc":{"start":{"line":172,"column":36},"end":{"line":179,"column":3}},"line":172},"13":{"name":"(anonymous_13)","decl":{"start":{"line":182,"column":2},"end":{"line":182,"column":3}},"loc":{"start":{"line":182,"column":33},"end":{"line":189,"column":3}},"line":182},"14":{"name":"(anonymous_14)","decl":{"start":{"line":192,"column":2},"end":{"line":192,"column":3}},"loc":{"start":{"line":192,"column":34},"end":{"line":202,"column":3}},"line":192},"15":{"name":"(anonymous_15)","decl":{"start":{"line":205,"column":2},"end":{"line":205,"column":3}},"loc":{"start":{"line":205,"column":45},"end":{"line":226,"column":3}},"line":205},"16":{"name":"(anonymous_16)","decl":{"start":{"line":229,"column":2},"end":{"line":229,"column":3}},"loc":{"start":{"line":229,"column":46},"end":{"line":240,"column":3}},"line":229},"17":{"name":"(anonymous_17)","decl":{"start":{"line":243,"column":2},"end":{"line":243,"column":3}},"loc":{"start":{"line":243,"column":35},"end":{"line":254,"column":3}},"line":243},"18":{"name":"(anonymous_18)","decl":{"start":{"line":257,"column":2},"end":{"line":257,"column":3}},"loc":{"start":{"line":257,"column":53},"end":{"line":268,"column":3}},"line":257},"19":{"name":"(anonymous_19)","decl":{"start":{"line":271,"column":2},"end":{"line":271,"column":3}},"loc":{"start":{"line":271,"column":39},"end":{"line":282,"column":3}},"line":271},"20":{"name":"(anonymous_20)","decl":{"start":{"line":285,"column":2},"end":{"line":285,"column":3}},"loc":{"start":{"line":285,"column":38},"end":{"line":296,"column":3}},"line":285},"21":{"name":"(anonymous_21)","decl":{"start":{"line":299,"column":2},"end":{"line":299,"column":3}},"loc":{"start":{"line":299,"column":45},"end":{"line":310,"column":3}},"line":299}},"branchMap":{"0":{"loc":{"start":{"line":18,"column":8},"end":{"line":18,"column":24}},"type":"default-arg","locations":[{"start":{"line":18,"column":15},"end":{"line":18,"column":24}}],"line":18},"1":{"loc":{"start":{"line":19,"column":8},"end":{"line":19,"column":29}},"type":"default-arg","locations":[{"start":{"line":19,"column":25},"end":{"line":19,"column":29}}],"line":19},"2":{"loc":{"start":{"line":20,"column":8},"end":{"line":20,"column":27}},"type":"default-arg","locations":[{"start":{"line":20,"column":22},"end":{"line":20,"column":27}}],"line":20},"3":{"loc":{"start":{"line":21,"column":8},"end":{"line":21,"column":32}},"type":"default-arg","locations":[{"start":{"line":21,"column":28},"end":{"line":21,"column":32}}],"line":21},"4":{"loc":{"start":{"line":22,"column":8},"end":{"line":22,"column":26}},"type":"default-arg","locations":[{"start":{"line":22,"column":19},"end":{"line":22,"column":26}}],"line":22},"5":{"loc":{"start":{"line":23,"column":8},"end":{"line":23,"column":25}},"type":"default-arg","locations":[{"start":{"line":23,"column":21},"end":{"line":23,"column":25}}],"line":23},"6":{"loc":{"start":{"line":55,"column":13},"end":{"line":55,"column":28}},"type":"binary-expr","locations":[{"start":{"line":55,"column":13},"end":{"line":55,"column":20}},{"start":{"line":55,"column":24},"end":{"line":55,"column":28}}],"line":55},"7":{"loc":{"start":{"line":65,"column":13},"end":{"line":65,"column":28}},"type":"binary-expr","locations":[{"start":{"line":65,"column":13},"end":{"line":65,"column":20}},{"start":{"line":65,"column":24},"end":{"line":65,"column":28}}],"line":65},"8":{"loc":{"start":{"line":87,"column":13},"end":{"line":87,"column":42}},"type":"binary-expr","locations":[{"start":{"line":87,"column":13},"end":{"line":87,"column":33}},{"start":{"line":87,"column":37},"end":{"line":87,"column":42}}],"line":87},"9":{"loc":{"start":{"line":159,"column":46},"end":{"line":159,"column":63}},"type":"default-arg","locations":[{"start":{"line":159,"column":59},"end":{"line":159,"column":63}}],"line":159},"10":{"loc":{"start":{"line":277,"column":13},"end":{"line":277,"column":28}},"type":"binary-expr","locations":[{"start":{"line":277,"column":13},"end":{"line":277,"column":20}},{"start":{"line":277,"column":24},"end":{"line":277,"column":28}}],"line":277}},"s":{"0":0,"1":0,"2":0,"3":0,"4":0,"5":0,"6":0,"7":0,"8":0,"9":0,"10":0,"11":0,"12":0,"13":0,"14":0,"15":0,"16":0,"17":0,"18":0,"19":0,"20":0,"21":0,"22":0,"23":0,"24":0,"25":0,"26":0,"27":0,"28":0,"29":0,"30":0,"31":0,"32":0,"33":0,"34":0,"35":0,"36":0,"37":0,"38":0,"39":0,"40":0,"41":0,"42":0,"43":0,"44":0,"45":0,"46":0,"47":0,"48":0,"49":0,"50":0,"51":0,"52":0,"53":0,"54":0,"55":0,"56":0,"57":0,"58":0,"59":0,"60":0,"61":0,"62":0,"63":0,"64":0,"65":0,"66":0,"67":0,"68":0,"69":0,"70":0,"71":0,"72":0,"73":0,"74":0,"75":0,"76":0,"77":0,"78":0,"79":0,"80":0,"81":0,"82":0,"83":0,"84":0,"85":0,"86":0,"87":0,"88":0,"89":0,"90":0,"91":0,"92":0,"93":0,"94":0,"95":0,"96":0,"97":0,"98":0,"99":0,"100":0},"f":{"0":0,"1":0,"2":0,"3":0,"4":0,"5":0,"6":0,"7":0,"8":0,"9":0,"10":0,"11":0,"12":0,"13":0,"14":0,"15":0,"16":0,"17":0,"18":0,"19":0,"20":0,"21":0},"b":{"0":[0],"1":[0],"2":[0],"3":[0],"4":[0],"5":[0],"6":[0,0],"7":[0,0],"8":[0,0],"9":[0],"10":[0,0]},"_coverageSchema":"1a1c01bbd47fc00a2c39e90264f33305004495a9","hash":"14e1cfa9212a6868849edef0574c80c5e88b32da"}
,"C:\\Users\\User\\Desktop\\APPS\\JUSTEvents\\backend\\src\\utils\\db.js": {"path":"C:\\Users\\User\\Desktop\\APPS\\JUSTEvents\\backend\\src\\utils\\db.js","statementMap":{"0":{"start":{"line":5,"column":0},"end":{"line":5,"column":16}},"1":{"start":{"line":7,"column":11},"end":{"line":15,"column":2}},"2":{"start":{"line":17,"column":0},"end":{"line":19,"column":77}},"3":{"start":{"line":18,"column":14},"end":{"line":18,"column":66}},"4":{"start":{"line":19,"column":18},"end":{"line":19,"column":75}}},"fnMap":{"0":{"name":"(anonymous_0)","decl":{"start":{"line":18,"column":8},"end":{"line":18,"column":9}},"loc":{"start":{"line":18,"column":14},"end":{"line":18,"column":66}},"line":18},"1":{"name":"(anonymous_1)","decl":{"start":{"line":19,"column":9},"end":{"line":19,"column":10}},"loc":{"start":{"line":19,"column":18},"end":{"line":19,"column":75}},"line":19}},"branchMap":{},"s":{"0":22,"1":22,"2":22,"3":0,"4":0},"f":{"0":0,"1":0},"b":{},"_coverageSchema":"1a1c01bbd47fc00a2c39e90264f33305004495a9","hash":"33451062318a32150b171b3e432f4478542d4764"}
,"C:\\Users\\User\\Desktop\\APPS\\JUSTEvents\\backend\\src\\utils\\notificationHelper.js": {"path":"C:\\Users\\User\\Desktop\\APPS\\JUSTEvents\\backend\\src\\utils\\notificationHelper.js","statementMap":{"0":{"start":{"line":4,"column":34},"end":{"line":11,"column":1}},"1":{"start":{"line":5,"column":2},"end":{"line":10,"column":3}},"2":{"start":{"line":6,"column":4},"end":{"line":6,"column":54}},"3":{"start":{"line":8,"column":4},"end":{"line":8,"column":61}},"4":{"start":{"line":9,"column":4},"end":{"line":9,"column":53}}},"fnMap":{"0":{"name":"(anonymous_0)","decl":{"start":{"line":4,"column":34},"end":{"line":4,"column":35}},"loc":{"start":{"line":4,"column":77},"end":{"line":11,"column":1}},"line":4}},"branchMap":{"0":{"loc":{"start":{"line":4,"column":59},"end":{"line":4,"column":72}},"type":"default-arg","locations":[{"start":{"line":4,"column":66},"end":{"line":4,"column":72}}],"line":4}},"s":{"0":4,"1":0,"2":0,"3":0,"4":0},"f":{"0":0},"b":{"0":[0]},"_coverageSchema":"1a1c01bbd47fc00a2c39e90264f33305004495a9","hash":"d020e6bc73f43eab7a94eafa537a53093f266374"}
,"C:\\Users\\User\\Desktop\\APPS\\JUSTEvents\\backend\\src\\utils\\sendEmail.js": {"path":"C:\\Users\\User\\Desktop\\APPS\\JUSTEvents\\backend\\src\\utils\\sendEmail.js","statementMap":{"0":{"start":{"line":5,"column":0},"end":{"line":5,"column":16}},"1":{"start":{"line":7,"column":18},"end":{"line":33,"column":1}},"2":{"start":{"line":8,"column":2},"end":{"line":32,"column":3}},"3":{"start":{"line":9,"column":24},"end":{"line":17,"column":6}},"4":{"start":{"line":19,"column":24},"end":{"line":24,"column":5}},"5":{"start":{"line":26,"column":17},"end":{"line":26,"column":56}},"6":{"start":{"line":27,"column":4},"end":{"line":27,"column":62}},"7":{"start":{"line":28,"column":4},"end":{"line":28,"column":16}},"8":{"start":{"line":30,"column":4},"end":{"line":30,"column":68}},"9":{"start":{"line":31,"column":4},"end":{"line":31,"column":17}}},"fnMap":{"0":{"name":"(anonymous_0)","decl":{"start":{"line":7,"column":18},"end":{"line":7,"column":19}},"loc":{"start":{"line":7,"column":54},"end":{"line":33,"column":1}},"line":7}},"branchMap":{},"s":{"0":1,"1":1,"2":0,"3":0,"4":0,"5":0,"6":0,"7":0,"8":0,"9":0},"f":{"0":0},"b":{},"_coverageSchema":"1a1c01bbd47fc00a2c39e90264f33305004495a9","hash":"b60506576a39cfefc4eee67705d074523c2741dd"}
,"C:\\Users\\User\\Desktop\\APPS\\JUSTEvents\\backend\\src\\utils\\sendResponse.js": {"path":"C:\\Users\\User\\Desktop\\APPS\\JUSTEvents\\backend\\src\\utils\\sendResponse.js","statementMap":{"0":{"start":{"line":4,"column":28},"end":{"line":10,"column":3}},"1":{"start":{"line":5,"column":4},"end":{"line":9,"column":7}}},"fnMap":{"0":{"name":"(anonymous_0)","decl":{"start":{"line":4,"column":28},"end":{"line":4,"column":29}},"loc":{"start":{"line":4,"column":71},"end":{"line":10,"column":3}},"line":4}},"branchMap":{"0":{"loc":{"start":{"line":4,"column":55},"end":{"line":4,"column":66}},"type":"default-arg","locations":[{"start":{"line":4,"column":62},"end":{"line":4,"column":66}}],"line":4},"1":{"loc":{"start":{"line":6,"column":15},"end":{"line":6,"column":52}},"type":"binary-expr","locations":[{"start":{"line":6,"column":15},"end":{"line":6,"column":32}},{"start":{"line":6,"column":36},"end":{"line":6,"column":52}}],"line":6}},"s":{"0":14,"1":0},"f":{"0":0},"b":{"0":[0],"1":[0,0]},"_coverageSchema":"1a1c01bbd47fc00a2c39e90264f33305004495a9","hash":"b91861883172c954e30a80bcd8b9a46a7fba66fa"}
}
